#
# There is insufficient memory for the Java Runtime Environment to continue.
# Native memory allocation (mmap) failed to map 65536 bytes for Failed to commit metaspace.
# Possible reasons:
#   The system is out of physical RAM or swap space
#   The process is running with CompressedOops enabled, and the Java Heap may be blocking the growth of the native heap
# Possible solutions:
#   Reduce memory load on the system
#   Increase physical memory or swap space
#   Check if swap backing store is full
#   Decrease Java heap size (-Xmx/-Xms)
#   Decrease number of Java threads
#   Decrease Java thread stack sizes (-Xss)
#   Set larger code cache with -XX:ReservedCodeCacheSize=
#   JVM is running with Unscaled Compressed Oops mode in which the Java heap is
#     placed in the first 4GB address space. The Java Heap base address is the
#     maximum limit for the native heap growth. Please use -XX:HeapBaseMinAddress
#     to set the Java Heap base and to place the Java Heap above 4GB virtual address.
# This output file may be truncated or incomplete.
#
#  Out of Memory Error (virtualSpaceNode.cpp:112), pid=18756, tid=37180
#
# JRE version: Java(TM) SE Runtime Environment (21.0.1+12) (build 21.0.1+12-LTS-29)
# Java VM: Java HotSpot(TM) 64-Bit Server VM (21.0.1+12-LTS-29, mixed mode, sharing, tiered, compressed oops, compressed class ptrs, g1 gc, windows-amd64)
# No core dump will be written. Minidumps are not enabled by default on client versions of Windows
#

---------------  S U M M A R Y ------------

Command Line: --enable-preview -XX:+ShowCodeDetailsInExceptionMessages admin

Host: AMD Ryzen 5 5600H with Radeon Graphics         , 12 cores, 7G,  Windows 11 , 64 bit Build 22621 (10.0.22621.2506)
Time: Sun Apr  7 05:41:00 2024 India Standard Time elapsed time: 0.176488 seconds (0d 0h 0m 0s)

---------------  T H R E A D  ---------------

Current thread (0x000001ac4f4db070):  JavaThread "main"             [_thread_in_vm, id=37180, stack(0x0000003ea5500000,0x0000003ea5600000) (1024K)]

Stack: [0x0000003ea5500000,0x0000003ea5600000]
Native frames: (J=compiled Java code, j=interpreted, Vv=VM code, C=native code)
V  [jvm.dll+0x6c9029]
V  [jvm.dll+0x854b81]
V  [jvm.dll+0x856e5e]
V  [jvm.dll+0x857543]
V  [jvm.dll+0x280c06]
V  [jvm.dll+0x8508ae]
V  [jvm.dll+0x66ca45]
V  [jvm.dll+0x66caaa]
V  [jvm.dll+0x66f2a6]
V  [jvm.dll+0x66f172]
V  [jvm.dll+0x66d41e]
V  [jvm.dll+0x677657]
V  [jvm.dll+0x217a53]
V  [jvm.dll+0x217f95]
V  [jvm.dll+0x2189b1]
V  [jvm.dll+0x20dc4e]
V  [jvm.dll+0x5ac6dc]
V  [jvm.dll+0x21f67a]
V  [jvm.dll+0x7ccde1]
V  [jvm.dll+0x7cde45]
V  [jvm.dll+0x7ce3ef]
V  [jvm.dll+0x7ce098]
V  [jvm.dll+0x26ebdb]
V  [jvm.dll+0x26ee0a]
V  [jvm.dll+0x5cf2e1]
V  [jvm.dll+0x5d18e4]
V  [jvm.dll+0x3d6f32]
V  [jvm.dll+0x3d69d0]
C  0x000001ac610c7711

The last pc belongs to getstatic (printed below).
Java frames: (J=compiled Java code, j=interpreted, Vv=VM code)
j  javax.swing.UIManager.getLAFState()Ljavax/swing/UIManager$LAFState;+0 java.desktop@21.0.1
j  javax.swing.UIManager.maybeInitialize()V+6 java.desktop@21.0.1
j  javax.swing.UIManager.getUI(Ljavax/swing/JComponent;)Ljavax/swing/plaf/ComponentUI;+0 java.desktop@21.0.1
j  javax.swing.JPanel.updateUI()V+2 java.desktop@21.0.1
j  javax.swing.JPanel.<init>(Ljava/awt/LayoutManager;Z)V+24 java.desktop@21.0.1
j  javax.swing.JPanel.<init>(Z)V+9 java.desktop@21.0.1
j  javax.swing.JPanel.<init>()V+2 java.desktop@21.0.1
j  javax.swing.JRootPane.createGlassPane()Ljava/awt/Component;+4 java.desktop@21.0.1
j  javax.swing.JRootPane.<init>()V+11 java.desktop@21.0.1
j  javax.swing.JFrame.createRootPane()Ljavax/swing/JRootPane;+4 java.desktop@21.0.1
j  javax.swing.JFrame.frameInit()V+16 java.desktop@21.0.1
j  javax.swing.JFrame.<init>()V+20 java.desktop@21.0.1
j  admin.<init>()V+1
j  admin.main([Ljava/lang/String;)V+3
v  ~StubRoutines::call_stub 0x000001ac610b100d
getstatic  178 getstatic  [0x000001ac610c7660, 0x000001ac610c7858]  504 bytes
[MachCode]
  0x000001ac610c7660: 4883 ec08 | c5fa 1104 | 24eb 1f48 | 83ec 10c5 | fb11 0424 | eb14 4883 | ec10 4889 | 0424 48c7 
  0x000001ac610c7680: 4424 0800 | 0000 00eb | 0150 410f | b755 0148 | 8b4d d0c1 | e202 8b5c | d138 c1eb | 1081 e3ff 
  0x000001ac610c76a0: 0000 0081 | fbb2 0000 | 000f 84b4 | 0000 00bb | b200 0000 | e805 0000 | 00e9 9900 | 0000 488b 
  0x000001ac610c76c0: d348 8d44 | 2408 4c89 | 6dc0 498b | cfc5 f877 | 4989 afa8 | 0300 0049 | 8987 9803 | 0000 4883 
  0x000001ac610c76e0: ec20 40f6 | c40f 0f84 | 1900 0000 | 4883 ec08 | 48b8 7069 | a006 fe7f | 0000 ffd0 | 4883 c408 
  0x000001ac610c7700: e90c 0000 | 0048 b870 | 69a0 06fe | 7f00 00ff | d048 83c4 | 2049 c787 | 9803 0000 | 0000 0000 
  0x000001ac610c7720: 49c7 87a8 | 0300 0000 | 0000 0049 | c787 a003 | 0000 0000 | 0000 c5f8 | 7749 837f | 0800 0f84 
  0x000001ac610c7740: 0500 0000 | e9b7 97fe | ff4c 8b6d | c04c 8b75 | c84e 8d74 | f500 c341 | 0fb7 5501 | 488b 4dd0 
  0x000001ac610c7760: c1e2 0248 | 8b5c d148 | 8b44 d150 | 4c8b 4cd1 | 404d 8b49 | 704d 8b09 | c1e8 1c83 | e00f 0f85 
  0x000001ac610c7780: 0b00 0000 | 410f be04 | 1950 e9b1 | 0000 0083 | f801 0f85 | 0b00 0000 | 410f b604 | 1950 e99d 
  0x000001ac610c77a0: 0000 0083 | f808 0f85 | 0a00 0000 | 418b 0419 | 50e9 8a00 | 0000 83f8 | 040f 850a | 0000 0041 
  0x000001ac610c77c0: 8b04 1950 | e977 0000 | 0083 f802 | 0f85 0b00 | 0000 410f | b704 1950 | e963 0000 | 0083 f803 
  0x000001ac610c77e0: 0f85 0b00 | 0000 410f | bf04 1950 | e94f 0000 | 0083 f805 | 0f85 1a00 | 0000 498b | 0419 4883 
  0x000001ac610c7800: ec10 4889 | 0424 48c7 | 4424 0800 | 0000 00e9 | 2c00 0000 | 83f8 060f | 8514 0000 | 00c4 c17a 
  0x000001ac610c7820: 1004 1948 | 83ec 08c5 | fa11 0424 | e90f 0000 | 00c4 c17b | 1004 1948 | 83ec 10c5 | fb11 0424 
  0x000001ac610c7840: 410f b65d | 0349 83c5 | 0349 ba80 | e727 07fe | 7f00 0041 | ff24 da90 
[/MachCode]

---------------  P R O C E S S  ---------------

Threads class SMR info:
_java_thread_list=0x000001ac6e5375a0, length=14, elements={
0x000001ac4f4db070, 0x000001ac6e1fe540, 0x000001ac6e201110, 0x000001ac6e203170,
0x000001ac6e204060, 0x000001ac6e2060e0, 0x000001ac6e206c70, 0x000001ac6e21a8e0,
0x000001ac6e23b5f0, 0x000001ac6e47c2e0, 0x000001ac6e47d740, 0x000001ac6e68d6c0,
0x000001ac6e691410, 0x000001ac6e695820
}

Java Threads: ( => current thread )
=>0x000001ac4f4db070 JavaThread "main"                              [_thread_in_vm, id=37180, stack(0x0000003ea5500000,0x0000003ea5600000) (1024K)]
  0x000001ac6e1fe540 JavaThread "Reference Handler"          daemon [_thread_blocked, id=36948, stack(0x0000003ea5d00000,0x0000003ea5e00000) (1024K)]
  0x000001ac6e201110 JavaThread "Finalizer"                  daemon [_thread_blocked, id=36656, stack(0x0000003ea5e00000,0x0000003ea5f00000) (1024K)]
  0x000001ac6e203170 JavaThread "Signal Dispatcher"          daemon [_thread_blocked, id=32444, stack(0x0000003ea5f00000,0x0000003ea6000000) (1024K)]
  0x000001ac6e204060 JavaThread "Attach Listener"            daemon [_thread_blocked, id=36852, stack(0x0000003ea6000000,0x0000003ea6100000) (1024K)]
  0x000001ac6e2060e0 JavaThread "Service Thread"             daemon [_thread_blocked, id=34880, stack(0x0000003ea6100000,0x0000003ea6200000) (1024K)]
  0x000001ac6e206c70 JavaThread "Monitor Deflation Thread"   daemon [_thread_blocked, id=29724, stack(0x0000003ea6200000,0x0000003ea6300000) (1024K)]
  0x000001ac6e21a8e0 JavaThread "C2 CompilerThread0"         daemon [_thread_blocked, id=6780, stack(0x0000003ea6300000,0x0000003ea6400000) (1024K)]
  0x000001ac6e23b5f0 JavaThread "C1 CompilerThread0"         daemon [_thread_blocked, id=36568, stack(0x0000003ea6400000,0x0000003ea6500000) (1024K)]
  0x000001ac6e47c2e0 JavaThread "Notification Thread"        daemon [_thread_blocked, id=30988, stack(0x0000003ea6500000,0x0000003ea6600000) (1024K)]
  0x000001ac6e47d740 JavaThread "Common-Cleaner"             daemon [_thread_blocked, id=36088, stack(0x0000003ea6600000,0x0000003ea6700000) (1024K)]
  0x000001ac6e68d6c0 JavaThread "Java2D Disposer"            daemon [_thread_blocked, id=2984, stack(0x0000003ea6700000,0x0000003ea6800000) (1024K)]
  0x000001ac6e691410 JavaThread "AWT-Shutdown"                      [_thread_blocked, id=34988, stack(0x0000003ea6800000,0x0000003ea6900000) (1024K)]
  0x000001ac6e695820 JavaThread "AWT-Windows"                daemon [_thread_in_native, id=37416, stack(0x0000003ea6900000,0x0000003ea6a00000) (1024K)]
Total: 14

Other Threads:
  0x000001ac6e1e1190 VMThread "VM Thread"                           [id=37348, stack(0x0000003ea5c00000,0x0000003ea5d00000) (1024K)]
  0x000001ac6e1c64a0 WatcherThread "VM Periodic Task Thread"        [id=37340, stack(0x0000003ea5b00000,0x0000003ea5c00000) (1024K)]
  0x000001ac517780e0 WorkerThread "GC Thread#0"                     [id=35172, stack(0x0000003ea5600000,0x0000003ea5700000) (1024K)]
  0x000001ac517895d0 ConcurrentGCThread "G1 Main Marker"            [id=37300, stack(0x0000003ea5700000,0x0000003ea5800000) (1024K)]
  0x000001ac5178a870 WorkerThread "G1 Conc#0"                       [id=35424, stack(0x0000003ea5800000,0x0000003ea5900000) (1024K)]
  0x000001ac6e0964f0 ConcurrentGCThread "G1 Refine#0"               [id=35396, stack(0x0000003ea5900000,0x0000003ea5a00000) (1024K)]
  0x000001ac517ede20 ConcurrentGCThread "G1 Service"                [id=25408, stack(0x0000003ea5a00000,0x0000003ea5b00000) (1024K)]
Total: 7

Threads with active compile tasks:
Total: 0

VM state: not at safepoint (normal execution)

VM Mutex/Monitor currently owned by a thread:  ([mutex/lock_event])
[0x00007ffe07268578] Metaspace_lock - owner thread: 0x000001ac4f4db070

Heap address: 0x000000008a600000, size: 1882 MB, Compressed Oops mode: 32-bit

CDS archive(s) mapped at: [0x000001ac00000000-0x000001ac00c90000-0x000001ac00c90000), size 13172736, SharedBaseAddress: 0x000001ac00000000, ArchiveRelocationMode: 1.
Compressed class space mapped at: 0x000001ac01000000-0x000001ac41000000, reserved size: 1073741824
Narrow klass base: 0x000001ac00000000, Narrow klass shift: 0, Narrow klass range: 0x100000000

GC Precious Log:
 CardTable entry size: 512
 Card Set container configuration: InlinePtr #cards 5 size 8 Array Of Cards #cards 12 size 40 Howl #buckets 4 coarsen threshold 1843 Howl Bitmap #cards 512 size 80 coarsen threshold 460 Card regions per heap region 1 cards per card region 2048
 CPUs: 12 total, 12 available
 Memory: 7523M
 Large Page Support: Disabled
 NUMA Support: Disabled
 Compressed Oops: Enabled (32-bit)
 Heap Region Size: 1M
 Heap Min Capacity: 8M
 Heap Initial Capacity: 118M
 Heap Max Capacity: 1882M
 Pre-touch: Disabled
 Parallel Workers: 10
 Concurrent Workers: 3
 Concurrent Refinement Workers: 10
 Periodic GC: Disabled

Heap:
 garbage-first heap   total 120832K, used 3072K [0x000000008a600000, 0x0000000100000000)
  region size 1024K, 4 young (4096K), 0 survivors (0K)
 Metaspace       used 3777K, committed 3904K, reserved 1114112K
  class space    used 388K, committed 448K, reserved 1048576K

Heap Regions: E=young(eden), S=young(survivor), O=old, HS=humongous(starts), HC=humongous(continues), CS=collection set, F=free, TAMS=top-at-mark-start, PB=parsable bottom
|   0|0x000000008a600000, 0x000000008a600000, 0x000000008a700000|  0%| F|  |TAMS 0x000000008a600000| PB 0x000000008a600000| Untracked 
|   1|0x000000008a700000, 0x000000008a700000, 0x000000008a800000|  0%| F|  |TAMS 0x000000008a700000| PB 0x000000008a700000| Untracked 
|   2|0x000000008a800000, 0x000000008a800000, 0x000000008a900000|  0%| F|  |TAMS 0x000000008a800000| PB 0x000000008a800000| Untracked 
|   3|0x000000008a900000, 0x000000008a900000, 0x000000008aa00000|  0%| F|  |TAMS 0x000000008a900000| PB 0x000000008a900000| Untracked 
|   4|0x000000008aa00000, 0x000000008aa00000, 0x000000008ab00000|  0%| F|  |TAMS 0x000000008aa00000| PB 0x000000008aa00000| Untracked 
|   5|0x000000008ab00000, 0x000000008ab00000, 0x000000008ac00000|  0%| F|  |TAMS 0x000000008ab00000| PB 0x000000008ab00000| Untracked 
|   6|0x000000008ac00000, 0x000000008ac00000, 0x000000008ad00000|  0%| F|  |TAMS 0x000000008ac00000| PB 0x000000008ac00000| Untracked 
|   7|0x000000008ad00000, 0x000000008ad00000, 0x000000008ae00000|  0%| F|  |TAMS 0x000000008ad00000| PB 0x000000008ad00000| Untracked 
|   8|0x000000008ae00000, 0x000000008ae00000, 0x000000008af00000|  0%| F|  |TAMS 0x000000008ae00000| PB 0x000000008ae00000| Untracked 
|   9|0x000000008af00000, 0x000000008af00000, 0x000000008b000000|  0%| F|  |TAMS 0x000000008af00000| PB 0x000000008af00000| Untracked 
|  10|0x000000008b000000, 0x000000008b000000, 0x000000008b100000|  0%| F|  |TAMS 0x000000008b000000| PB 0x000000008b000000| Untracked 
|  11|0x000000008b100000, 0x000000008b100000, 0x000000008b200000|  0%| F|  |TAMS 0x000000008b100000| PB 0x000000008b100000| Untracked 
|  12|0x000000008b200000, 0x000000008b200000, 0x000000008b300000|  0%| F|  |TAMS 0x000000008b200000| PB 0x000000008b200000| Untracked 
|  13|0x000000008b300000, 0x000000008b300000, 0x000000008b400000|  0%| F|  |TAMS 0x000000008b300000| PB 0x000000008b300000| Untracked 
|  14|0x000000008b400000, 0x000000008b400000, 0x000000008b500000|  0%| F|  |TAMS 0x000000008b400000| PB 0x000000008b400000| Untracked 
|  15|0x000000008b500000, 0x000000008b500000, 0x000000008b600000|  0%| F|  |TAMS 0x000000008b500000| PB 0x000000008b500000| Untracked 
|  16|0x000000008b600000, 0x000000008b600000, 0x000000008b700000|  0%| F|  |TAMS 0x000000008b600000| PB 0x000000008b600000| Untracked 
|  17|0x000000008b700000, 0x000000008b700000, 0x000000008b800000|  0%| F|  |TAMS 0x000000008b700000| PB 0x000000008b700000| Untracked 
|  18|0x000000008b800000, 0x000000008b800000, 0x000000008b900000|  0%| F|  |TAMS 0x000000008b800000| PB 0x000000008b800000| Untracked 
|  19|0x000000008b900000, 0x000000008b900000, 0x000000008ba00000|  0%| F|  |TAMS 0x000000008b900000| PB 0x000000008b900000| Untracked 
|  20|0x000000008ba00000, 0x000000008ba00000, 0x000000008bb00000|  0%| F|  |TAMS 0x000000008ba00000| PB 0x000000008ba00000| Untracked 
|  21|0x000000008bb00000, 0x000000008bb00000, 0x000000008bc00000|  0%| F|  |TAMS 0x000000008bb00000| PB 0x000000008bb00000| Untracked 
|  22|0x000000008bc00000, 0x000000008bc00000, 0x000000008bd00000|  0%| F|  |TAMS 0x000000008bc00000| PB 0x000000008bc00000| Untracked 
|  23|0x000000008bd00000, 0x000000008bd00000, 0x000000008be00000|  0%| F|  |TAMS 0x000000008bd00000| PB 0x000000008bd00000| Untracked 
|  24|0x000000008be00000, 0x000000008be00000, 0x000000008bf00000|  0%| F|  |TAMS 0x000000008be00000| PB 0x000000008be00000| Untracked 
|  25|0x000000008bf00000, 0x000000008bf00000, 0x000000008c000000|  0%| F|  |TAMS 0x000000008bf00000| PB 0x000000008bf00000| Untracked 
|  26|0x000000008c000000, 0x000000008c000000, 0x000000008c100000|  0%| F|  |TAMS 0x000000008c000000| PB 0x000000008c000000| Untracked 
|  27|0x000000008c100000, 0x000000008c100000, 0x000000008c200000|  0%| F|  |TAMS 0x000000008c100000| PB 0x000000008c100000| Untracked 
|  28|0x000000008c200000, 0x000000008c200000, 0x000000008c300000|  0%| F|  |TAMS 0x000000008c200000| PB 0x000000008c200000| Untracked 
|  29|0x000000008c300000, 0x000000008c300000, 0x000000008c400000|  0%| F|  |TAMS 0x000000008c300000| PB 0x000000008c300000| Untracked 
|  30|0x000000008c400000, 0x000000008c400000, 0x000000008c500000|  0%| F|  |TAMS 0x000000008c400000| PB 0x000000008c400000| Untracked 
|  31|0x000000008c500000, 0x000000008c500000, 0x000000008c600000|  0%| F|  |TAMS 0x000000008c500000| PB 0x000000008c500000| Untracked 
|  32|0x000000008c600000, 0x000000008c600000, 0x000000008c700000|  0%| F|  |TAMS 0x000000008c600000| PB 0x000000008c600000| Untracked 
|  33|0x000000008c700000, 0x000000008c700000, 0x000000008c800000|  0%| F|  |TAMS 0x000000008c700000| PB 0x000000008c700000| Untracked 
|  34|0x000000008c800000, 0x000000008c800000, 0x000000008c900000|  0%| F|  |TAMS 0x000000008c800000| PB 0x000000008c800000| Untracked 
|  35|0x000000008c900000, 0x000000008c900000, 0x000000008ca00000|  0%| F|  |TAMS 0x000000008c900000| PB 0x000000008c900000| Untracked 
|  36|0x000000008ca00000, 0x000000008ca00000, 0x000000008cb00000|  0%| F|  |TAMS 0x000000008ca00000| PB 0x000000008ca00000| Untracked 
|  37|0x000000008cb00000, 0x000000008cb00000, 0x000000008cc00000|  0%| F|  |TAMS 0x000000008cb00000| PB 0x000000008cb00000| Untracked 
|  38|0x000000008cc00000, 0x000000008cc00000, 0x000000008cd00000|  0%| F|  |TAMS 0x000000008cc00000| PB 0x000000008cc00000| Untracked 
|  39|0x000000008cd00000, 0x000000008cd00000, 0x000000008ce00000|  0%| F|  |TAMS 0x000000008cd00000| PB 0x000000008cd00000| Untracked 
|  40|0x000000008ce00000, 0x000000008ce00000, 0x000000008cf00000|  0%| F|  |TAMS 0x000000008ce00000| PB 0x000000008ce00000| Untracked 
|  41|0x000000008cf00000, 0x000000008cf00000, 0x000000008d000000|  0%| F|  |TAMS 0x000000008cf00000| PB 0x000000008cf00000| Untracked 
|  42|0x000000008d000000, 0x000000008d000000, 0x000000008d100000|  0%| F|  |TAMS 0x000000008d000000| PB 0x000000008d000000| Untracked 
|  43|0x000000008d100000, 0x000000008d100000, 0x000000008d200000|  0%| F|  |TAMS 0x000000008d100000| PB 0x000000008d100000| Untracked 
|  44|0x000000008d200000, 0x000000008d200000, 0x000000008d300000|  0%| F|  |TAMS 0x000000008d200000| PB 0x000000008d200000| Untracked 
|  45|0x000000008d300000, 0x000000008d300000, 0x000000008d400000|  0%| F|  |TAMS 0x000000008d300000| PB 0x000000008d300000| Untracked 
|  46|0x000000008d400000, 0x000000008d400000, 0x000000008d500000|  0%| F|  |TAMS 0x000000008d400000| PB 0x000000008d400000| Untracked 
|  47|0x000000008d500000, 0x000000008d500000, 0x000000008d600000|  0%| F|  |TAMS 0x000000008d500000| PB 0x000000008d500000| Untracked 
|  48|0x000000008d600000, 0x000000008d600000, 0x000000008d700000|  0%| F|  |TAMS 0x000000008d600000| PB 0x000000008d600000| Untracked 
|  49|0x000000008d700000, 0x000000008d700000, 0x000000008d800000|  0%| F|  |TAMS 0x000000008d700000| PB 0x000000008d700000| Untracked 
|  50|0x000000008d800000, 0x000000008d800000, 0x000000008d900000|  0%| F|  |TAMS 0x000000008d800000| PB 0x000000008d800000| Untracked 
|  51|0x000000008d900000, 0x000000008d900000, 0x000000008da00000|  0%| F|  |TAMS 0x000000008d900000| PB 0x000000008d900000| Untracked 
|  52|0x000000008da00000, 0x000000008da00000, 0x000000008db00000|  0%| F|  |TAMS 0x000000008da00000| PB 0x000000008da00000| Untracked 
|  53|0x000000008db00000, 0x000000008db00000, 0x000000008dc00000|  0%| F|  |TAMS 0x000000008db00000| PB 0x000000008db00000| Untracked 
|  54|0x000000008dc00000, 0x000000008dc00000, 0x000000008dd00000|  0%| F|  |TAMS 0x000000008dc00000| PB 0x000000008dc00000| Untracked 
|  55|0x000000008dd00000, 0x000000008dd00000, 0x000000008de00000|  0%| F|  |TAMS 0x000000008dd00000| PB 0x000000008dd00000| Untracked 
|  56|0x000000008de00000, 0x000000008de00000, 0x000000008df00000|  0%| F|  |TAMS 0x000000008de00000| PB 0x000000008de00000| Untracked 
|  57|0x000000008df00000, 0x000000008df00000, 0x000000008e000000|  0%| F|  |TAMS 0x000000008df00000| PB 0x000000008df00000| Untracked 
|  58|0x000000008e000000, 0x000000008e000000, 0x000000008e100000|  0%| F|  |TAMS 0x000000008e000000| PB 0x000000008e000000| Untracked 
|  59|0x000000008e100000, 0x000000008e100000, 0x000000008e200000|  0%| F|  |TAMS 0x000000008e100000| PB 0x000000008e100000| Untracked 
|  60|0x000000008e200000, 0x000000008e200000, 0x000000008e300000|  0%| F|  |TAMS 0x000000008e200000| PB 0x000000008e200000| Untracked 
|  61|0x000000008e300000, 0x000000008e300000, 0x000000008e400000|  0%| F|  |TAMS 0x000000008e300000| PB 0x000000008e300000| Untracked 
|  62|0x000000008e400000, 0x000000008e400000, 0x000000008e500000|  0%| F|  |TAMS 0x000000008e400000| PB 0x000000008e400000| Untracked 
|  63|0x000000008e500000, 0x000000008e500000, 0x000000008e600000|  0%| F|  |TAMS 0x000000008e500000| PB 0x000000008e500000| Untracked 
|  64|0x000000008e600000, 0x000000008e600000, 0x000000008e700000|  0%| F|  |TAMS 0x000000008e600000| PB 0x000000008e600000| Untracked 
|  65|0x000000008e700000, 0x000000008e700000, 0x000000008e800000|  0%| F|  |TAMS 0x000000008e700000| PB 0x000000008e700000| Untracked 
|  66|0x000000008e800000, 0x000000008e800000, 0x000000008e900000|  0%| F|  |TAMS 0x000000008e800000| PB 0x000000008e800000| Untracked 
|  67|0x000000008e900000, 0x000000008e900000, 0x000000008ea00000|  0%| F|  |TAMS 0x000000008e900000| PB 0x000000008e900000| Untracked 
|  68|0x000000008ea00000, 0x000000008ea00000, 0x000000008eb00000|  0%| F|  |TAMS 0x000000008ea00000| PB 0x000000008ea00000| Untracked 
|  69|0x000000008eb00000, 0x000000008eb00000, 0x000000008ec00000|  0%| F|  |TAMS 0x000000008eb00000| PB 0x000000008eb00000| Untracked 
|  70|0x000000008ec00000, 0x000000008ec00000, 0x000000008ed00000|  0%| F|  |TAMS 0x000000008ec00000| PB 0x000000008ec00000| Untracked 
|  71|0x000000008ed00000, 0x000000008ed00000, 0x000000008ee00000|  0%| F|  |TAMS 0x000000008ed00000| PB 0x000000008ed00000| Untracked 
|  72|0x000000008ee00000, 0x000000008ee00000, 0x000000008ef00000|  0%| F|  |TAMS 0x000000008ee00000| PB 0x000000008ee00000| Untracked 
|  73|0x000000008ef00000, 0x000000008ef00000, 0x000000008f000000|  0%| F|  |TAMS 0x000000008ef00000| PB 0x000000008ef00000| Untracked 
|  74|0x000000008f000000, 0x000000008f000000, 0x000000008f100000|  0%| F|  |TAMS 0x000000008f000000| PB 0x000000008f000000| Untracked 
|  75|0x000000008f100000, 0x000000008f100000, 0x000000008f200000|  0%| F|  |TAMS 0x000000008f100000| PB 0x000000008f100000| Untracked 
|  76|0x000000008f200000, 0x000000008f200000, 0x000000008f300000|  0%| F|  |TAMS 0x000000008f200000| PB 0x000000008f200000| Untracked 
|  77|0x000000008f300000, 0x000000008f300000, 0x000000008f400000|  0%| F|  |TAMS 0x000000008f300000| PB 0x000000008f300000| Untracked 
|  78|0x000000008f400000, 0x000000008f400000, 0x000000008f500000|  0%| F|  |TAMS 0x000000008f400000| PB 0x000000008f400000| Untracked 
|  79|0x000000008f500000, 0x000000008f500000, 0x000000008f600000|  0%| F|  |TAMS 0x000000008f500000| PB 0x000000008f500000| Untracked 
|  80|0x000000008f600000, 0x000000008f600000, 0x000000008f700000|  0%| F|  |TAMS 0x000000008f600000| PB 0x000000008f600000| Untracked 
|  81|0x000000008f700000, 0x000000008f700000, 0x000000008f800000|  0%| F|  |TAMS 0x000000008f700000| PB 0x000000008f700000| Untracked 
|  82|0x000000008f800000, 0x000000008f800000, 0x000000008f900000|  0%| F|  |TAMS 0x000000008f800000| PB 0x000000008f800000| Untracked 
|  83|0x000000008f900000, 0x000000008f900000, 0x000000008fa00000|  0%| F|  |TAMS 0x000000008f900000| PB 0x000000008f900000| Untracked 
|  84|0x000000008fa00000, 0x000000008fa00000, 0x000000008fb00000|  0%| F|  |TAMS 0x000000008fa00000| PB 0x000000008fa00000| Untracked 
|  85|0x000000008fb00000, 0x000000008fb00000, 0x000000008fc00000|  0%| F|  |TAMS 0x000000008fb00000| PB 0x000000008fb00000| Untracked 
|  86|0x000000008fc00000, 0x000000008fc00000, 0x000000008fd00000|  0%| F|  |TAMS 0x000000008fc00000| PB 0x000000008fc00000| Untracked 
|  87|0x000000008fd00000, 0x000000008fd00000, 0x000000008fe00000|  0%| F|  |TAMS 0x000000008fd00000| PB 0x000000008fd00000| Untracked 
|  88|0x000000008fe00000, 0x000000008fe00000, 0x000000008ff00000|  0%| F|  |TAMS 0x000000008fe00000| PB 0x000000008fe00000| Untracked 
|  89|0x000000008ff00000, 0x000000008ff00000, 0x0000000090000000|  0%| F|  |TAMS 0x000000008ff00000| PB 0x000000008ff00000| Untracked 
|  90|0x0000000090000000, 0x0000000090000000, 0x0000000090100000|  0%| F|  |TAMS 0x0000000090000000| PB 0x0000000090000000| Untracked 
|  91|0x0000000090100000, 0x0000000090100000, 0x0000000090200000|  0%| F|  |TAMS 0x0000000090100000| PB 0x0000000090100000| Untracked 
|  92|0x0000000090200000, 0x0000000090200000, 0x0000000090300000|  0%| F|  |TAMS 0x0000000090200000| PB 0x0000000090200000| Untracked 
|  93|0x0000000090300000, 0x0000000090300000, 0x0000000090400000|  0%| F|  |TAMS 0x0000000090300000| PB 0x0000000090300000| Untracked 
|  94|0x0000000090400000, 0x0000000090400000, 0x0000000090500000|  0%| F|  |TAMS 0x0000000090400000| PB 0x0000000090400000| Untracked 
|  95|0x0000000090500000, 0x0000000090500000, 0x0000000090600000|  0%| F|  |TAMS 0x0000000090500000| PB 0x0000000090500000| Untracked 
|  96|0x0000000090600000, 0x0000000090600000, 0x0000000090700000|  0%| F|  |TAMS 0x0000000090600000| PB 0x0000000090600000| Untracked 
|  97|0x0000000090700000, 0x0000000090700000, 0x0000000090800000|  0%| F|  |TAMS 0x0000000090700000| PB 0x0000000090700000| Untracked 
|  98|0x0000000090800000, 0x0000000090800000, 0x0000000090900000|  0%| F|  |TAMS 0x0000000090800000| PB 0x0000000090800000| Untracked 
|  99|0x0000000090900000, 0x0000000090900000, 0x0000000090a00000|  0%| F|  |TAMS 0x0000000090900000| PB 0x0000000090900000| Untracked 
| 100|0x0000000090a00000, 0x0000000090a00000, 0x0000000090b00000|  0%| F|  |TAMS 0x0000000090a00000| PB 0x0000000090a00000| Untracked 
| 101|0x0000000090b00000, 0x0000000090b00000, 0x0000000090c00000|  0%| F|  |TAMS 0x0000000090b00000| PB 0x0000000090b00000| Untracked 
| 102|0x0000000090c00000, 0x0000000090c00000, 0x0000000090d00000|  0%| F|  |TAMS 0x0000000090c00000| PB 0x0000000090c00000| Untracked 
| 103|0x0000000090d00000, 0x0000000090d00000, 0x0000000090e00000|  0%| F|  |TAMS 0x0000000090d00000| PB 0x0000000090d00000| Untracked 
| 104|0x0000000090e00000, 0x0000000090e00000, 0x0000000090f00000|  0%| F|  |TAMS 0x0000000090e00000| PB 0x0000000090e00000| Untracked 
| 105|0x0000000090f00000, 0x0000000090f00000, 0x0000000091000000|  0%| F|  |TAMS 0x0000000090f00000| PB 0x0000000090f00000| Untracked 
| 106|0x0000000091000000, 0x0000000091000000, 0x0000000091100000|  0%| F|  |TAMS 0x0000000091000000| PB 0x0000000091000000| Untracked 
| 107|0x0000000091100000, 0x0000000091100000, 0x0000000091200000|  0%| F|  |TAMS 0x0000000091100000| PB 0x0000000091100000| Untracked 
| 108|0x0000000091200000, 0x0000000091200000, 0x0000000091300000|  0%| F|  |TAMS 0x0000000091200000| PB 0x0000000091200000| Untracked 
| 109|0x0000000091300000, 0x0000000091300000, 0x0000000091400000|  0%| F|  |TAMS 0x0000000091300000| PB 0x0000000091300000| Untracked 
| 110|0x0000000091400000, 0x0000000091400000, 0x0000000091500000|  0%| F|  |TAMS 0x0000000091400000| PB 0x0000000091400000| Untracked 
| 111|0x0000000091500000, 0x0000000091500000, 0x0000000091600000|  0%| F|  |TAMS 0x0000000091500000| PB 0x0000000091500000| Untracked 
| 112|0x0000000091600000, 0x0000000091600000, 0x0000000091700000|  0%| F|  |TAMS 0x0000000091600000| PB 0x0000000091600000| Untracked 
| 113|0x0000000091700000, 0x0000000091700000, 0x0000000091800000|  0%| F|  |TAMS 0x0000000091700000| PB 0x0000000091700000| Untracked 
| 114|0x0000000091800000, 0x0000000091900000, 0x0000000091900000|100%| E|  |TAMS 0x0000000091800000| PB 0x0000000091800000| Complete 
| 115|0x0000000091900000, 0x0000000091a00000, 0x0000000091a00000|100%| E|CS|TAMS 0x0000000091900000| PB 0x0000000091900000| Complete 
| 116|0x0000000091a00000, 0x0000000091b00000, 0x0000000091b00000|100%| E|CS|TAMS 0x0000000091a00000| PB 0x0000000091a00000| Complete 
| 117|0x0000000091b00000, 0x0000000091c00000, 0x0000000091c00000|100%| E|CS|TAMS 0x0000000091b00000| PB 0x0000000091b00000| Complete 

Card table byte_map: [0x000001ac69490000,0x000001ac69840000] _byte_map_base: 0x000001ac6903d000

Marking Bits: (CMBitMap*) 0x000001ac51778ff0
 Bits: [0x000001ac69840000, 0x000001ac6b5a8000)

Polling page: 0x000001ac4f6a0000

Metaspace:

Usage:
  Non-class:      3.31 MB used.
      Class:    388.84 KB used.
       Both:      3.69 MB used.

Virtual space:
  Non-class space:       64.00 MB reserved,       3.38 MB (  5%) committed,  1 nodes.
      Class space:        1.00 GB reserved,     448.00 KB ( <1%) committed,  1 nodes.
             Both:        1.06 GB reserved,       3.81 MB ( <1%) committed. 

Chunk freelists:
   Non-Class:  11.91 MB
       Class:  15.57 MB
        Both:  27.48 MB

MaxMetaspaceSize: unlimited
CompressedClassSpaceSize: 1.00 GB
Initial GC threshold: 21.00 MB
Current GC threshold: 21.00 MB
CDS: on
 - commit_granule_bytes: 65536.
 - commit_granule_words: 8192.
 - virtual_space_node_default_size: 8388608.
 - enlarge_chunks_in_place: 1.
 - use_allocation_guard: 0.


Internal statistics:

num_allocs_failed_limit: 0.
num_arena_births: 92.
num_arena_deaths: 0.
num_vsnodes_births: 2.
num_vsnodes_deaths: 0.
num_space_committed: 61.
num_space_uncommitted: 0.
num_chunks_returned_to_freelist: 0.
num_chunks_taken_from_freelist: 110.
num_chunk_merges: 0.
num_chunk_splits: 67.
num_chunks_enlarged: 25.
num_inconsistent_stats: 0.

CodeHeap 'non-profiled nmethods': size=120000Kb used=110Kb max_used=110Kb free=119889Kb
 bounds [0x000001ac61650000, 0x000001ac618c0000, 0x000001ac68b80000]
CodeHeap 'profiled nmethods': size=120000Kb used=494Kb max_used=494Kb free=119506Kb
 bounds [0x000001ac59b80000, 0x000001ac59df0000, 0x000001ac610b0000]
CodeHeap 'non-nmethods': size=5760Kb used=1398Kb max_used=1411Kb free=4362Kb
 bounds [0x000001ac610b0000, 0x000001ac61320000, 0x000001ac61650000]
 total_blobs=856 nmethods=361 adapters=400
 compilation: enabled
              stopped_count=0, restarted_count=0
 full_count=0

Compilation events (20 events):
Event: 0.173 Thread 0x000001ac6e23b5f0  354       3       jdk.internal.util.ArraysSupport::mismatch (73 bytes)
Event: 0.173 Thread 0x000001ac6e21a8e0 nmethod 350 0x000001ac6166ae90 code [0x000001ac6166b020, 0x000001ac6166b0b0]
Event: 0.173 Thread 0x000001ac6e23b5f0 nmethod 354 0x000001ac59bf8390 code [0x000001ac59bf8580, 0x000001ac59bf89a0]
Event: 0.173 Thread 0x000001ac6e23b5f0  355       3       jdk.internal.util.ArraysSupport::vectorizedMismatch (268 bytes)
Event: 0.173 Thread 0x000001ac6e23b5f0 nmethod 355 0x000001ac59bf8b90 code [0x000001ac59bf8d80, 0x000001ac59bf91e0]
Event: 0.173 Thread 0x000001ac6e23b5f0  349       3       java.lang.String::compareTo (9 bytes)
Event: 0.173 Thread 0x000001ac6e23b5f0 nmethod 349 0x000001ac59bf9310 code [0x000001ac59bf94c0, 0x000001ac59bf96f0]
Event: 0.174 Thread 0x000001ac6e23b5f0  351       3       java.lang.String::compareTo (63 bytes)
Event: 0.174 Thread 0x000001ac6e23b5f0 nmethod 351 0x000001ac59bf9790 code [0x000001ac59bf99a0, 0x000001ac59bf9e40]
Event: 0.174 Thread 0x000001ac6e23b5f0  352       3       java.lang.StringLatin1::compareTo (14 bytes)
Event: 0.174 Thread 0x000001ac6e23b5f0 nmethod 352 0x000001ac59bfa010 code [0x000001ac59bfa1c0, 0x000001ac59bfa2e8]
Event: 0.174 Thread 0x000001ac6e23b5f0  359       3       java.util.HashSet::add (20 bytes)
Event: 0.174 Thread 0x000001ac6e23b5f0 nmethod 359 0x000001ac59bfa410 code [0x000001ac59bfa5c0, 0x000001ac59bfa778]
Event: 0.174 Thread 0x000001ac6e23b5f0  353       3       java.lang.StringLatin1::compareTo (41 bytes)
Event: 0.174 Thread 0x000001ac6e23b5f0 nmethod 353 0x000001ac59bfa890 code [0x000001ac59bfaa60, 0x000001ac59bfadd8]
Event: 0.174 Thread 0x000001ac6e23b5f0  360       1       java.util.concurrent.atomic.AtomicInteger::get (5 bytes)
Event: 0.174 Thread 0x000001ac6e23b5f0 nmethod 360 0x000001ac6166b190 code [0x000001ac6166b320, 0x000001ac6166b3e8]
Event: 0.174 Thread 0x000001ac6e23b5f0  356       3       java.lang.Integer::numberOfTrailingZeros (80 bytes)
Event: 0.174 Thread 0x000001ac6e23b5f0 nmethod 356 0x000001ac59bfb010 code [0x000001ac59bfb1c0, 0x000001ac59bfb430]
Event: 0.174 Thread 0x000001ac6e23b5f0  361       3       java.util.HashMap$HashIterator::hasNext (13 bytes)

GC Heap History (0 events):
No events

Dll operation events (7 events):
Event: 0.005 Loaded shared library C:\Program Files\Java\jdk-21\bin\java.dll
Event: 0.030 Loaded shared library C:\Program Files\Java\jdk-21\bin\jsvml.dll
Event: 0.060 Loaded shared library C:\Program Files\Java\jdk-21\bin\jimage.dll
Event: 0.064 Loaded shared library C:\Program Files\Java\jdk-21\bin\net.dll
Event: 0.065 Loaded shared library C:\Program Files\Java\jdk-21\bin\nio.dll
Event: 0.069 Loaded shared library C:\Program Files\Java\jdk-21\bin\zip.dll
Event: 0.080 Loaded shared library C:\Program Files\Java\jdk-21\bin\awt.dll

Deoptimization events (0 events):
No events

Classes loaded (20 events):
Event: 0.171 Loading class java/awt/RenderingHints done
Event: 0.171 Loading class sun/awt/SunHints
Event: 0.171 Loading class sun/awt/SunHints done
Event: 0.171 Loading class sun/awt/SunHints$Key
Event: 0.171 Loading class java/awt/RenderingHints$Key
Event: 0.171 Loading class java/awt/RenderingHints$Key done
Event: 0.171 Loading class sun/awt/SunHints$Key done
Event: 0.172 Loading class sun/awt/SunHints$Value
Event: 0.172 Loading class sun/awt/SunHints$Value done
Event: 0.172 Loading class sun/awt/SunHints$LCDContrastKey
Event: 0.172 Loading class sun/awt/SunHints$LCDContrastKey done
Event: 0.172 Loading class java/util/ComparableTimSort
Event: 0.172 Loading class java/util/ComparableTimSort done
Event: 0.173 Loading class java/beans/PropertyChangeEvent
Event: 0.173 Loading class java/beans/PropertyChangeEvent done
Event: 0.173 Loading class java/awt/Toolkit$DesktopPropertyChangeSupport$1
Event: 0.173 Loading class java/awt/Toolkit$DesktopPropertyChangeSupport$1 done
Event: 0.173 Loading class java/util/IdentityHashMap$ValueIterator
Event: 0.173 Loading class java/util/IdentityHashMap$ValueIterator done
Event: 0.174 Loading class sun/swing/SwingUtilities2

Classes unloaded (0 events):
No events

Classes redefined (0 events):
No events

Internal exceptions (3 events):
Event: 0.072 Thread 0x000001ac4f4db070 Exception <a 'java/lang/ClassNotFoundException'{0x0000000091afdad8}: sun/awt/resources/spi/awtProvider> (0x0000000091afdad8) 
thrown [s\open\src\hotspot\share\classfile\systemDictionary.cpp, line 312]
Event: 0.087 Thread 0x000001ac4f4db070 Exception <a 'java/io/FileNotFoundException'{0x0000000091973918}> (0x0000000091973918) 
thrown [s\open\src\hotspot\share\prims\jni.cpp, line 520]
Event: 0.092 Thread 0x000001ac4f4db070 Exception <a 'java/io/FileNotFoundException'{0x000000009199db58}> (0x000000009199db58) 
thrown [s\open\src\hotspot\share\prims\jni.cpp, line 520]

ZGC Phase Switch (0 events):
No events

VM Operations (2 events):
Event: 0.047 Executing VM operation: HandshakeAllThreads (Deoptimize)
Event: 0.047 Executing VM operation: HandshakeAllThreads (Deoptimize) done

Events (14 events):
Event: 0.018 Thread 0x000001ac4f4db070 Thread added: 0x000001ac4f4db070
Event: 0.028 Thread 0x000001ac6e1fe540 Thread added: 0x000001ac6e1fe540
Event: 0.028 Thread 0x000001ac6e201110 Thread added: 0x000001ac6e201110
Event: 0.029 Thread 0x000001ac6e203170 Thread added: 0x000001ac6e203170
Event: 0.029 Thread 0x000001ac6e204060 Thread added: 0x000001ac6e204060
Event: 0.029 Thread 0x000001ac6e2060e0 Thread added: 0x000001ac6e2060e0
Event: 0.029 Thread 0x000001ac6e206c70 Thread added: 0x000001ac6e206c70
Event: 0.029 Thread 0x000001ac6e21a8e0 Thread added: 0x000001ac6e21a8e0
Event: 0.029 Thread 0x000001ac6e23b5f0 Thread added: 0x000001ac6e23b5f0
Event: 0.038 Thread 0x000001ac6e47c2e0 Thread added: 0x000001ac6e47c2e0
Event: 0.041 Thread 0x000001ac6e47d740 Thread added: 0x000001ac6e47d740
Event: 0.121 Thread 0x000001ac6e68d6c0 Thread added: 0x000001ac6e68d6c0
Event: 0.122 Thread 0x000001ac6e691410 Thread added: 0x000001ac6e691410
Event: 0.122 Thread 0x000001ac6e695820 Thread added: 0x000001ac6e695820


Dynamic libraries:
0x00007ff699390000 - 0x00007ff6993a0000 	C:\Program Files\Java\jdk-21\bin\java.exe
0x00007ffee9e90000 - 0x00007ffeea0a7000 	C:\WINDOWS\SYSTEM32\ntdll.dll
0x00007ffee92f0000 - 0x00007ffee93b4000 	C:\WINDOWS\System32\KERNEL32.DLL
0x00007ffee7580000 - 0x00007ffee7926000 	C:\WINDOWS\System32\KERNELBASE.dll
0x00007ffee72f0000 - 0x00007ffee7401000 	C:\WINDOWS\System32\ucrtbase.dll
0x00007ffece210000 - 0x00007ffece22b000 	C:\Program Files\Java\jdk-21\bin\VCRUNTIME140.dll
0x00007ffece230000 - 0x00007ffece249000 	C:\Program Files\Java\jdk-21\bin\jli.dll
0x00007ffee9430000 - 0x00007ffee94e3000 	C:\WINDOWS\System32\ADVAPI32.dll
0x00007ffee8900000 - 0x00007ffee89a7000 	C:\WINDOWS\System32\msvcrt.dll
0x00007ffee8750000 - 0x00007ffee87f8000 	C:\WINDOWS\System32\sechost.dll
0x00007ffee72c0000 - 0x00007ffee72e8000 	C:\WINDOWS\System32\bcrypt.dll
0x00007ffee96e0000 - 0x00007ffee97f7000 	C:\WINDOWS\System32\RPCRT4.dll
0x00007ffee9030000 - 0x00007ffee91de000 	C:\WINDOWS\System32\USER32.dll
0x00007ffee7930000 - 0x00007ffee7956000 	C:\WINDOWS\System32\win32u.dll
0x00007ffecede0000 - 0x00007ffecf073000 	C:\WINDOWS\WinSxS\amd64_microsoft.windows.common-controls_6595b64144ccf1df_6.0.22621.2506_none_270c5ae97388e100\COMCTL32.dll
0x00007ffee92c0000 - 0x00007ffee92e9000 	C:\WINDOWS\System32\GDI32.dll
0x00007ffee7ac0000 - 0x00007ffee7bd8000 	C:\WINDOWS\System32\gdi32full.dll
0x00007ffee7960000 - 0x00007ffee79fa000 	C:\WINDOWS\System32\msvcp_win.dll
0x00007ffede200000 - 0x00007ffede20a000 	C:\WINDOWS\SYSTEM32\VERSION.dll
0x00007ffee9990000 - 0x00007ffee99c1000 	C:\WINDOWS\System32\IMM32.DLL
0x00007ffee07d0000 - 0x00007ffee07dc000 	C:\Program Files\Java\jdk-21\bin\vcruntime140_1.dll
0x00007ffeaf830000 - 0x00007ffeaf8be000 	C:\Program Files\Java\jdk-21\bin\msvcp140.dll
0x00007ffe06630000 - 0x00007ffe07345000 	C:\Program Files\Java\jdk-21\bin\server\jvm.dll
0x00007ffee9820000 - 0x00007ffee9891000 	C:\WINDOWS\System32\WS2_32.dll
0x00007ffee70a0000 - 0x00007ffee70ed000 	C:\WINDOWS\SYSTEM32\POWRPROF.dll
0x00007ffedeab0000 - 0x00007ffedeae4000 	C:\WINDOWS\SYSTEM32\WINMM.dll
0x00007ffee6fd0000 - 0x00007ffee6fe3000 	C:\WINDOWS\SYSTEM32\UMPDC.dll
0x00007ffee6200000 - 0x00007ffee6218000 	C:\WINDOWS\SYSTEM32\kernel.appcore.dll
0x00007ffed2900000 - 0x00007ffed290a000 	C:\Program Files\Java\jdk-21\bin\jimage.dll
0x00007ffed39a0000 - 0x00007ffed3bd3000 	C:\WINDOWS\SYSTEM32\DBGHELP.DLL
0x00007ffee8ca0000 - 0x00007ffee9029000 	C:\WINDOWS\System32\combase.dll
0x00007ffee91e0000 - 0x00007ffee92b7000 	C:\WINDOWS\System32\OLEAUT32.dll
0x00007ffecdbf0000 - 0x00007ffecdc22000 	C:\WINDOWS\SYSTEM32\dbgcore.DLL
0x00007ffee71d0000 - 0x00007ffee724a000 	C:\WINDOWS\System32\bcryptPrimitives.dll
0x00007ffece190000 - 0x00007ffece1af000 	C:\Program Files\Java\jdk-21\bin\java.dll
0x00007ffee7cc0000 - 0x00007ffee851a000 	C:\WINDOWS\System32\SHELL32.dll
0x00007ffee5120000 - 0x00007ffee5a16000 	C:\WINDOWS\SYSTEM32\windows.storage.dll
0x00007ffee4fe0000 - 0x00007ffee511e000 	C:\WINDOWS\SYSTEM32\wintypes.dll
0x00007ffee8800000 - 0x00007ffee88f3000 	C:\WINDOWS\System32\SHCORE.dll
0x00007ffee98a0000 - 0x00007ffee98fe000 	C:\WINDOWS\System32\shlwapi.dll
0x00007ffee7100000 - 0x00007ffee7126000 	C:\WINDOWS\SYSTEM32\profapi.dll
0x00007ffe97130000 - 0x00007ffe97207000 	C:\Program Files\Java\jdk-21\bin\jsvml.dll
0x00007ffece200000 - 0x00007ffece210000 	C:\Program Files\Java\jdk-21\bin\net.dll
0x00007ffedfc30000 - 0x00007ffedfd67000 	C:\WINDOWS\SYSTEM32\WINHTTP.dll
0x00007ffee6680000 - 0x00007ffee66e9000 	C:\WINDOWS\system32\mswsock.dll
0x00007ffece170000 - 0x00007ffece186000 	C:\Program Files\Java\jdk-21\bin\nio.dll
0x00007ffece150000 - 0x00007ffece168000 	C:\Program Files\Java\jdk-21\bin\zip.dll
0x00007ffe0e380000 - 0x00007ffe0e50f000 	C:\Program Files\Java\jdk-21\bin\awt.dll
0x00007ffee4570000 - 0x00007ffee4607000 	C:\WINDOWS\SYSTEM32\apphelp.dll
0x00007ffee4990000 - 0x00007ffee49bb000 	C:\WINDOWS\system32\DWMAPI.DLL
0x00007ffee4730000 - 0x00007ffee47db000 	C:\WINDOWS\system32\uxtheme.dll
0x00007ffe4e8a0000 - 0x00007ffe4e9a0000 	C:\WINDOWS\system32\opengl32.dll
0x00007ffe4e380000 - 0x00007ffe4e3ad000 	C:\WINDOWS\SYSTEM32\GLU32.dll
0x00007ffee4840000 - 0x00007ffee4876000 	C:\WINDOWS\SYSTEM32\dxcore.dll
0x00007ffee8b50000 - 0x00007ffee8ca0000 	C:\WINDOWS\System32\MSCTF.dll
0x00007ffee89b0000 - 0x00007ffee8b50000 	C:\WINDOWS\System32\ole32.dll
0x00007ffe51300000 - 0x00007ffe514a9000 	C:\WINDOWS\system32\d3d9.dll
0x00007ffedd040000 - 0x00007ffedd1f8000 	C:\WINDOWS\System32\DriverStore\FileRepository\u0373636.inf_amd64_8975734656dd6200\B373113\aticfx64.dll
0x00007ffe52810000 - 0x00007ffe52844000 	C:\WINDOWS\System32\DriverStore\FileRepository\u0373636.inf_amd64_8975734656dd6200\B373113\atiu9p64.dll
0x00007ffe505a0000 - 0x00007ffe512f4000 	C:\WINDOWS\System32\DriverStore\FileRepository\u0373636.inf_amd64_8975734656dd6200\B373113\atiumd64.dll
0x000000005d140000 - 0x000000005dfb5000 	C:\WINDOWS\System32\DriverStore\FileRepository\u0373636.inf_amd64_8975734656dd6200\B373113\atiumd6a.dll
0x00007ffee99d0000 - 0x00007ffee9e44000 	C:\WINDOWS\System32\SETUPAPI.dll
0x00007ffed9ed0000 - 0x00007ffed9f00000 	C:\WINDOWS\SYSTEM32\amdihk64.dll
0x00007ffee15a0000 - 0x00007ffee15ea000 	C:\WINDOWS\SYSTEM32\directxdatabasehelper.dll

dbghelp: loaded successfully - version: 4.0.5 - missing functions: none
symbol engine: initialized successfully - sym options: 0x614 - pdb path: .;C:\Program Files\Java\jdk-21\bin;C:\WINDOWS\SYSTEM32;C:\WINDOWS\WinSxS\amd64_microsoft.windows.common-controls_6595b64144ccf1df_6.0.22621.2506_none_270c5ae97388e100;C:\Program Files\Java\jdk-21\bin\server;C:\WINDOWS\System32\DriverStore\FileRepository\u0373636.inf_amd64_8975734656dd6200\B373113

VM Arguments:
jvm_args: --enable-preview -XX:+ShowCodeDetailsInExceptionMessages 
java_command: admin
java_class_path (initial): C:\Users\MAHEK\AppData\Roaming\Code\User\workspaceStorage\0e8c6eeb896961c5d88ad44cda3a9296\redhat.java\jdt_ws\student management_2174f27f\bin;c:\Users\MAHEK\OneDrive\Desktop\student management.jar
Launcher Type: SUN_STANDARD

[Global flags]
     intx CICompilerCount                          = 4                                         {product} {ergonomic}
     uint ConcGCThreads                            = 3                                         {product} {ergonomic}
     uint G1ConcRefinementThreads                  = 10                                        {product} {ergonomic}
   size_t G1HeapRegionSize                         = 1048576                                   {product} {ergonomic}
    uintx GCDrainStackTargetSize                   = 64                                        {product} {ergonomic}
   size_t InitialHeapSize                          = 123731968                                 {product} {ergonomic}
   size_t MarkStackSize                            = 4194304                                   {product} {ergonomic}
   size_t MaxHeapSize                              = 1973420032                                {product} {ergonomic}
   size_t MaxNewSize                               = 1183842304                                {product} {ergonomic}
   size_t MinHeapDeltaBytes                        = 1048576                                   {product} {ergonomic}
   size_t MinHeapSize                              = 8388608                                   {product} {ergonomic}
    uintx NonNMethodCodeHeapSize                   = 5839372                                {pd product} {ergonomic}
    uintx NonProfiledCodeHeapSize                  = 122909434                              {pd product} {ergonomic}
    uintx ProfiledCodeHeapSize                     = 122909434                              {pd product} {ergonomic}
    uintx ReservedCodeCacheSize                    = 251658240                              {pd product} {ergonomic}
     bool SegmentedCodeCache                       = true                                      {product} {ergonomic}
     bool ShowCodeDetailsInExceptionMessages       = true                                   {manageable} {command line}
   size_t SoftMaxHeapSize                          = 1973420032                             {manageable} {ergonomic}
     bool UseCompressedOops                        = true                           {product lp64_product} {ergonomic}
     bool UseG1GC                                  = true                                      {product} {ergonomic}
     bool UseLargePagesIndividualAllocation        = false                                  {pd product} {ergonomic}

Logging:
Log output configuration:
 #0: stdout all=warning uptime,level,tags foldmultilines=false
 #1: stderr all=off uptime,level,tags foldmultilines=false

Environment Variables:
PATH=C:\app\MAHEK\product\21c\dbhomeXE\bin;C:\Program Files\Java\jdk-21\bin;C:\Program Files\Common Files\Oracle\Java\javapath;C:\Program Files (x86)\Java\jdk1.5.0_22\bin;C:\jdk1.8.0_202\bin;C:\windows;C:\windows\System32\Wbem;C:\windows\System32\WindowsPowerShell\v1.0\;C:\windows\System32\OpenSSH\;C:\Program Files (x86)\NVIDIA Corporation\PhysX\Common;C:\Program Files\NVIDIA Corporation\NVIDIA NvDLISR;C:\Program Files\dotnet\;C:\Program Files\Java\jre6\bin;C:\Program Files\MySQL\MySQL Server 8.0\bin;C:\WINDOWS\system32;C:\WINDOWS;C:\WINDOWS\System32\Wbem;C:\WINDOWS\System32\WindowsPowerShell\v1.0\;C:\WINDOWS\System32\OpenSSH\;C:\php 8.2.0;C:\MinGW\bin;C:\Program Files\MATLAB\R2023b\bin;C:\Users\MAHEK\AppData\Local\Programs\Python\Python311\Scripts\;C:\Users\MAHEK\AppData\Local\Programs\Python\Python311\;C:\Program Files\MySQL\MySQL Shell 8.0\bin\;C:\Users\MAHEK\AppData\Local\Microsoft\WindowsApps;C:\Users\MAHEK\.dotnet\tools;C:\MinGW\bin;C:\Users\MAHEK\AppData\Local\Programs\Microsoft VS Code\bin;C:\Users\MAHEK\AppData\Local\GitHubDesktop\bin
USERNAME=MAHEK
LANG=en_US.UTF-8
OS=Windows_NT
PROCESSOR_IDENTIFIER=AMD64 Family 25 Model 80 Stepping 0, AuthenticAMD
TMP=C:\Users\MAHEK\AppData\Local\Temp
TEMP=C:\Users\MAHEK\AppData\Local\Temp




Periodic native trim disabled

---------------  S Y S T E M  ---------------

OS:
 Windows 11 , 64 bit Build 22621 (10.0.22621.2506)
OS uptime: 4 days 11:09 hours

CPU: total 12 (initial active 12) (12 cores per cpu, 2 threads per core) family 25 model 80 stepping 0 microcode 0x0, cx8, cmov, fxsr, ht, mmx, 3dnowpref, sse, sse2, sse3, ssse3, sse4a, sse4.1, sse4.2, popcnt, lzcnt, tsc, tscinvbit, avx, avx2, aes, erms, clmul, bmi1, bmi2, adx, sha, fma, vzeroupper, clflush, clflushopt, rdtscp, rdpid, fsrm, f16c, pku, cet_ss
Processor Information for processor 0
  Max Mhz: 3301, Current Mhz: 3301, Mhz Limit: 3301
Processor Information for processor 1
  Max Mhz: 3301, Current Mhz: 3301, Mhz Limit: 3301
Processor Information for processor 2
  Max Mhz: 3301, Current Mhz: 3301, Mhz Limit: 3301
Processor Information for processor 3
  Max Mhz: 3301, Current Mhz: 3301, Mhz Limit: 3301
Processor Information for processor 4
  Max Mhz: 3301, Current Mhz: 2011, Mhz Limit: 3301
Processor Information for processor 5
  Max Mhz: 3301, Current Mhz: 3301, Mhz Limit: 3301
Processor Information for processor 6
  Max Mhz: 3301, Current Mhz: 2011, Mhz Limit: 3301
Processor Information for processor 7
  Max Mhz: 3301, Current Mhz: 3301, Mhz Limit: 3301
Processor Information for processor 8
  Max Mhz: 3301, Current Mhz: 3301, Mhz Limit: 3301
Processor Information for processor 9
  Max Mhz: 3301, Current Mhz: 2011, Mhz Limit: 3301
Processor Information for processor 10
  Max Mhz: 3301, Current Mhz: 2011, Mhz Limit: 3301
Processor Information for processor 11
  Max Mhz: 3301, Current Mhz: 2011, Mhz Limit: 3301

Memory: 4k page, system-wide physical 7523M (711M free)
TotalPageFile size 31075M (AvailPageFile size 2M)
current process WorkingSet (physical memory assigned to process): 57M, peak: 57M
current process commit charge ("private bytes"): 223M, peak: 223M

vm_info: Java HotSpot(TM) 64-Bit Server VM (21.0.1+12-LTS-29) for windows-amd64 JRE (21.0.1+12-LTS-29), built on 2023-10-05T13:27:09Z by "mach5one" with MS VC++ 17.1 (VS2022)

END.
