#
# There is insufficient memory for the Java Runtime Environment to continue.
# Native memory allocation (malloc) failed to allocate 121104 bytes for Chunk::new
# Possible reasons:
#   The system is out of physical RAM or swap space
#   The process is running with CompressedOops enabled, and the Java Heap may be blocking the growth of the native heap
# Possible solutions:
#   Reduce memory load on the system
#   Increase physical memory or swap space
#   Check if swap backing store is full
#   Decrease Java heap size (-Xmx/-Xms)
#   Decrease number of Java threads
#   Decrease Java thread stack sizes (-Xss)
#   Set larger code cache with -XX:ReservedCodeCacheSize=
#   JVM is running with Unscaled Compressed Oops mode in which the Java heap is
#     placed in the first 4GB address space. The Java Heap base address is the
#     maximum limit for the native heap growth. Please use -XX:HeapBaseMinAddress
#     to set the Java Heap base and to place the Java Heap above 4GB virtual address.
# This output file may be truncated or incomplete.
#
#  Out of Memory Error (arena.cpp:168), pid=32948, tid=33364
#
# JRE version: Java(TM) SE Runtime Environment (21.0.1+12) (build 21.0.1+12-LTS-29)
# Java VM: Java HotSpot(TM) 64-Bit Server VM (21.0.1+12-LTS-29, mixed mode, sharing, tiered, compressed oops, compressed class ptrs, g1 gc, windows-amd64)
# No core dump will be written. Minidumps are not enabled by default on client versions of Windows
#

---------------  S U M M A R Y ------------

Command Line: --enable-preview -XX:+ShowCodeDetailsInExceptionMessages option

Host: AMD Ryzen 5 5600H with Radeon Graphics         , 12 cores, 7G,  Windows 11 , 64 bit Build 22621 (10.0.22621.2506)
Time: Sun Apr  7 05:36:24 2024 India Standard Time elapsed time: 2.099792 seconds (0d 0h 0m 2s)

---------------  T H R E A D  ---------------

Current thread (0x000001c852689520):  JavaThread "C2 CompilerThread0" daemon [_thread_in_native, id=33364, stack(0x0000003ec7000000,0x0000003ec7100000) (1024K)]


Current CompileTask:
C2:   2099 1634 %     4       java.awt.image.ReplicateScaleFilter::setPixels @ 145 (225 bytes)

Stack: [0x0000003ec7000000,0x0000003ec7100000]
Native frames: (J=compiled Java code, j=interpreted, Vv=VM code, C=native code)
V  [jvm.dll+0x6c9029]
V  [jvm.dll+0x854b81]
V  [jvm.dll+0x856e5e]
V  [jvm.dll+0x857543]
V  [jvm.dll+0x280c06]
V  [jvm.dll+0xc3ead]
V  [jvm.dll+0xc43c3]
V  [jvm.dll+0x3b576c]
V  [jvm.dll+0x382475]
V  [jvm.dll+0x3818ea]
V  [jvm.dll+0x249ad0]
V  [jvm.dll+0x2490b1]
V  [jvm.dll+0x1c9ca1]
V  [jvm.dll+0x2586b9]
V  [jvm.dll+0x256c9a]
V  [jvm.dll+0x3ef1b6]
V  [jvm.dll+0x7fd728]
V  [jvm.dll+0x6c777d]
C  [ucrtbase.dll+0x29363]
C  [KERNEL32.DLL+0x1257d]
C  [ntdll.dll+0x5aa58]


---------------  P R O C E S S  ---------------

Threads class SMR info:
_java_thread_list=0x000001c89e0b56a0, length=17, elements={
0x000001c852679070, 0x000001c85267a3a0, 0x000001c85267dd60, 0x000001c85267ec50,
0x000001c852680e60, 0x000001c852682190, 0x000001c852689520, 0x000001c85268c9e0,
0x000001c85290be70, 0x000001c85291f9f0, 0x000001c852ad6060, 0x000001c852add150,
0x000001c8983a91f0, 0x000001c89d83c620, 0x000001c8989fd700, 0x000001c89e05b940,
0x000001c833899f80
}

Java Threads: ( => current thread )
  0x000001c852679070 JavaThread "Reference Handler"          daemon [_thread_blocked, id=34964, stack(0x0000003ec6a00000,0x0000003ec6b00000) (1024K)]
  0x000001c85267a3a0 JavaThread "Finalizer"                  daemon [_thread_blocked, id=34176, stack(0x0000003ec6b00000,0x0000003ec6c00000) (1024K)]
  0x000001c85267dd60 JavaThread "Signal Dispatcher"          daemon [_thread_blocked, id=21536, stack(0x0000003ec6c00000,0x0000003ec6d00000) (1024K)]
  0x000001c85267ec50 JavaThread "Attach Listener"            daemon [_thread_blocked, id=31080, stack(0x0000003ec6d00000,0x0000003ec6e00000) (1024K)]
  0x000001c852680e60 JavaThread "Service Thread"             daemon [_thread_blocked, id=23972, stack(0x0000003ec6e00000,0x0000003ec6f00000) (1024K)]
  0x000001c852682190 JavaThread "Monitor Deflation Thread"   daemon [_thread_blocked, id=2540, stack(0x0000003ec6f00000,0x0000003ec7000000) (1024K)]
=>0x000001c852689520 JavaThread "C2 CompilerThread0"         daemon [_thread_in_native, id=33364, stack(0x0000003ec7000000,0x0000003ec7100000) (1024K)]
  0x000001c85268c9e0 JavaThread "C1 CompilerThread0"         daemon [_thread_blocked, id=19772, stack(0x0000003ec7100000,0x0000003ec7200000) (1024K)]
  0x000001c85290be70 JavaThread "Notification Thread"        daemon [_thread_blocked, id=35176, stack(0x0000003ec7200000,0x0000003ec7300000) (1024K)]
  0x000001c85291f9f0 JavaThread "Common-Cleaner"             daemon [_thread_blocked, id=31164, stack(0x0000003ec7300000,0x0000003ec7400000) (1024K)]
  0x000001c852ad6060 JavaThread "Java2D Disposer"            daemon [_thread_blocked, id=31408, stack(0x0000003ec7400000,0x0000003ec7500000) (1024K)]
  0x000001c852add150 JavaThread "AWT-Windows"                daemon [_thread_in_native, id=35284, stack(0x0000003ec7600000,0x0000003ec7700000) (1024K)]
  0x000001c8983a91f0 JavaThread "mysql-cj-abandoned-connection-cleanup" daemon [_thread_blocked, id=28868, stack(0x0000003ec8100000,0x0000003ec8200000) (1024K)]
  0x000001c89d83c620 JavaThread "AWT-Shutdown"                      [_thread_blocked, id=35208, stack(0x0000003ec7500000,0x0000003ec7600000) (1024K)]
  0x000001c8989fd700 JavaThread "AWT-EventQueue-0"                  [_thread_blocked, id=32292, stack(0x0000003ec8200000,0x0000003ec8300000) (1024K)]
  0x000001c89e05b940 JavaThread "Image Fetcher 0"            daemon [_thread_blocked, id=17460, stack(0x0000003ec8300000,0x0000003ec8400000) (1024K)]
  0x000001c833899f80 JavaThread "DestroyJavaVM"                     [_thread_blocked, id=17152, stack(0x0000003ec6200000,0x0000003ec6300000) (1024K)]
Total: 17

Other Threads:
  0x000001c852658150 VMThread "VM Thread"                           [id=32184, stack(0x0000003ec6900000,0x0000003ec6a00000) (1024K)]
  0x000001c85263e000 WatcherThread "VM Periodic Task Thread"        [id=34216, stack(0x0000003ec6800000,0x0000003ec6900000) (1024K)]
  0x000001c835be8c30 WorkerThread "GC Thread#0"                     [id=32156, stack(0x0000003ec6300000,0x0000003ec6400000) (1024K)]
  0x000001c89e7fe9b0 WorkerThread "GC Thread#1"                     [id=10432, stack(0x0000003ec8400000,0x0000003ec8500000) (1024K)]
  0x000001c89e1bd6d0 WorkerThread "GC Thread#2"                     [id=33168, stack(0x0000003ec8500000,0x0000003ec8600000) (1024K)]
  0x000001c89e1bda70 WorkerThread "GC Thread#3"                     [id=35748, stack(0x0000003ec8600000,0x0000003ec8700000) (1024K)]
  0x000001c89e459550 WorkerThread "GC Thread#4"                     [id=32288, stack(0x0000003ec8700000,0x0000003ec8800000) (1024K)]
  0x000001c89e4598f0 WorkerThread "GC Thread#5"                     [id=34212, stack(0x0000003ec8800000,0x0000003ec8900000) (1024K)]
  0x000001c89dc757b0 WorkerThread "GC Thread#6"                     [id=33404, stack(0x0000003ec8900000,0x0000003ec8a00000) (1024K)]
  0x000001c89dc76e30 WorkerThread "GC Thread#7"                     [id=29004, stack(0x0000003ec8a00000,0x0000003ec8b00000) (1024K)]
  0x000001c89dc75fb0 WorkerThread "GC Thread#8"                     [id=4040, stack(0x0000003ec8b00000,0x0000003ec8c00000) (1024K)]
  0x000001c89dc77910 WorkerThread "GC Thread#9"                     [id=34020, stack(0x0000003ec8c00000,0x0000003ec8d00000) (1024K)]
  0x000001c835bf8900 ConcurrentGCThread "G1 Main Marker"            [id=33292, stack(0x0000003ec6400000,0x0000003ec6500000) (1024K)]
  0x000001c835bf9ba0 WorkerThread "G1 Conc#0"                       [id=34288, stack(0x0000003ec6500000,0x0000003ec6600000) (1024K)]
  0x000001c852512180 ConcurrentGCThread "G1 Refine#0"               [id=32816, stack(0x0000003ec6600000,0x0000003ec6700000) (1024K)]
  0x000001c852512cf0 ConcurrentGCThread "G1 Service"                [id=30660, stack(0x0000003ec6700000,0x0000003ec6800000) (1024K)]
Total: 16

Threads with active compile tasks:
C2 CompilerThread0     2148 1634 %     4       java.awt.image.ReplicateScaleFilter::setPixels @ 145 (225 bytes)
Total: 1

VM state: not at safepoint (normal execution)

VM Mutex/Monitor currently owned by a thread: None

Heap address: 0x000000008a600000, size: 1882 MB, Compressed Oops mode: 32-bit

CDS archive(s) mapped at: [0x000001c853000000-0x000001c853c90000-0x000001c853c90000), size 13172736, SharedBaseAddress: 0x000001c853000000, ArchiveRelocationMode: 1.
Compressed class space mapped at: 0x000001c854000000-0x000001c894000000, reserved size: 1073741824
Narrow klass base: 0x000001c853000000, Narrow klass shift: 0, Narrow klass range: 0x100000000

GC Precious Log:
 CardTable entry size: 512
 Card Set container configuration: InlinePtr #cards 5 size 8 Array Of Cards #cards 12 size 40 Howl #buckets 4 coarsen threshold 1843 Howl Bitmap #cards 512 size 80 coarsen threshold 460 Card regions per heap region 1 cards per card region 2048
 CPUs: 12 total, 12 available
 Memory: 7523M
 Large Page Support: Disabled
 NUMA Support: Disabled
 Compressed Oops: Enabled (32-bit)
 Heap Region Size: 1M
 Heap Min Capacity: 8M
 Heap Initial Capacity: 118M
 Heap Max Capacity: 1882M
 Pre-touch: Disabled
 Parallel Workers: 10
 Concurrent Workers: 3
 Concurrent Refinement Workers: 10
 Periodic GC: Disabled

Heap:
 garbage-first heap   total 120832K, used 12394K [0x000000008a600000, 0x0000000100000000)
  region size 1024K, 6 young (6144K), 3 survivors (3072K)
 Metaspace       used 17493K, committed 17728K, reserved 1114112K
  class space    used 1955K, committed 2048K, reserved 1048576K

Heap Regions: E=young(eden), S=young(survivor), O=old, HS=humongous(starts), HC=humongous(continues), CS=collection set, F=free, TAMS=top-at-mark-start, PB=parsable bottom
|   0|0x000000008a600000, 0x000000008a700000, 0x000000008a700000|100%|HS|  |TAMS 0x000000008a600000| PB 0x000000008a600000| Complete 
|   1|0x000000008a700000, 0x000000008a800000, 0x000000008a800000|100%|HS|  |TAMS 0x000000008a700000| PB 0x000000008a700000| Complete 
|   2|0x000000008a800000, 0x000000008a900000, 0x000000008a900000|100%|HC|  |TAMS 0x000000008a800000| PB 0x000000008a800000| Complete 
|   3|0x000000008a900000, 0x000000008aa00000, 0x000000008aa00000|100%| O|  |TAMS 0x000000008a900000| PB 0x000000008a900000| Untracked 
|   4|0x000000008aa00000, 0x000000008ab00000, 0x000000008ab00000|100%| O|  |TAMS 0x000000008aa00000| PB 0x000000008aa00000| Untracked 
|   5|0x000000008ab00000, 0x000000008ab1aa80, 0x000000008ac00000| 10%| O|  |TAMS 0x000000008ab00000| PB 0x000000008ab00000| Untracked 
|   6|0x000000008ac00000, 0x000000008ad00000, 0x000000008ad00000|100%|HS|  |TAMS 0x000000008ac00000| PB 0x000000008ac00000| Complete 
|   7|0x000000008ad00000, 0x000000008ae00000, 0x000000008ae00000|100%|HC|  |TAMS 0x000000008ad00000| PB 0x000000008ad00000| Complete 
|   8|0x000000008ae00000, 0x000000008ae00000, 0x000000008af00000|  0%| F|  |TAMS 0x000000008ae00000| PB 0x000000008ae00000| Untracked 
|   9|0x000000008af00000, 0x000000008af00000, 0x000000008b000000|  0%| F|  |TAMS 0x000000008af00000| PB 0x000000008af00000| Untracked 
|  10|0x000000008b000000, 0x000000008b000000, 0x000000008b100000|  0%| F|  |TAMS 0x000000008b000000| PB 0x000000008b000000| Untracked 
|  11|0x000000008b100000, 0x000000008b100000, 0x000000008b200000|  0%| F|  |TAMS 0x000000008b100000| PB 0x000000008b100000| Untracked 
|  12|0x000000008b200000, 0x000000008b200000, 0x000000008b300000|  0%| F|  |TAMS 0x000000008b200000| PB 0x000000008b200000| Untracked 
|  13|0x000000008b300000, 0x000000008b300000, 0x000000008b400000|  0%| F|  |TAMS 0x000000008b300000| PB 0x000000008b300000| Untracked 
|  14|0x000000008b400000, 0x000000008b400000, 0x000000008b500000|  0%| F|  |TAMS 0x000000008b400000| PB 0x000000008b400000| Untracked 
|  15|0x000000008b500000, 0x000000008b500000, 0x000000008b600000|  0%| F|  |TAMS 0x000000008b500000| PB 0x000000008b500000| Untracked 
|  16|0x000000008b600000, 0x000000008b600000, 0x000000008b700000|  0%| F|  |TAMS 0x000000008b600000| PB 0x000000008b600000| Untracked 
|  17|0x000000008b700000, 0x000000008b700000, 0x000000008b800000|  0%| F|  |TAMS 0x000000008b700000| PB 0x000000008b700000| Untracked 
|  18|0x000000008b800000, 0x000000008b800000, 0x000000008b900000|  0%| F|  |TAMS 0x000000008b800000| PB 0x000000008b800000| Untracked 
|  19|0x000000008b900000, 0x000000008b900000, 0x000000008ba00000|  0%| F|  |TAMS 0x000000008b900000| PB 0x000000008b900000| Untracked 
|  20|0x000000008ba00000, 0x000000008ba00000, 0x000000008bb00000|  0%| F|  |TAMS 0x000000008ba00000| PB 0x000000008ba00000| Untracked 
|  21|0x000000008bb00000, 0x000000008bb00000, 0x000000008bc00000|  0%| F|  |TAMS 0x000000008bb00000| PB 0x000000008bb00000| Untracked 
|  22|0x000000008bc00000, 0x000000008bc00000, 0x000000008bd00000|  0%| F|  |TAMS 0x000000008bc00000| PB 0x000000008bc00000| Untracked 
|  23|0x000000008bd00000, 0x000000008bd00000, 0x000000008be00000|  0%| F|  |TAMS 0x000000008bd00000| PB 0x000000008bd00000| Untracked 
|  24|0x000000008be00000, 0x000000008be00000, 0x000000008bf00000|  0%| F|  |TAMS 0x000000008be00000| PB 0x000000008be00000| Untracked 
|  25|0x000000008bf00000, 0x000000008bf00000, 0x000000008c000000|  0%| F|  |TAMS 0x000000008bf00000| PB 0x000000008bf00000| Untracked 
|  26|0x000000008c000000, 0x000000008c000000, 0x000000008c100000|  0%| F|  |TAMS 0x000000008c000000| PB 0x000000008c000000| Untracked 
|  27|0x000000008c100000, 0x000000008c100000, 0x000000008c200000|  0%| F|  |TAMS 0x000000008c100000| PB 0x000000008c100000| Untracked 
|  28|0x000000008c200000, 0x000000008c200000, 0x000000008c300000|  0%| F|  |TAMS 0x000000008c200000| PB 0x000000008c200000| Untracked 
|  29|0x000000008c300000, 0x000000008c300000, 0x000000008c400000|  0%| F|  |TAMS 0x000000008c300000| PB 0x000000008c300000| Untracked 
|  30|0x000000008c400000, 0x000000008c400000, 0x000000008c500000|  0%| F|  |TAMS 0x000000008c400000| PB 0x000000008c400000| Untracked 
|  31|0x000000008c500000, 0x000000008c500000, 0x000000008c600000|  0%| F|  |TAMS 0x000000008c500000| PB 0x000000008c500000| Untracked 
|  32|0x000000008c600000, 0x000000008c600000, 0x000000008c700000|  0%| F|  |TAMS 0x000000008c600000| PB 0x000000008c600000| Untracked 
|  33|0x000000008c700000, 0x000000008c700000, 0x000000008c800000|  0%| F|  |TAMS 0x000000008c700000| PB 0x000000008c700000| Untracked 
|  34|0x000000008c800000, 0x000000008c800000, 0x000000008c900000|  0%| F|  |TAMS 0x000000008c800000| PB 0x000000008c800000| Untracked 
|  35|0x000000008c900000, 0x000000008c900000, 0x000000008ca00000|  0%| F|  |TAMS 0x000000008c900000| PB 0x000000008c900000| Untracked 
|  36|0x000000008ca00000, 0x000000008ca00000, 0x000000008cb00000|  0%| F|  |TAMS 0x000000008ca00000| PB 0x000000008ca00000| Untracked 
|  37|0x000000008cb00000, 0x000000008cb00000, 0x000000008cc00000|  0%| F|  |TAMS 0x000000008cb00000| PB 0x000000008cb00000| Untracked 
|  38|0x000000008cc00000, 0x000000008cc00000, 0x000000008cd00000|  0%| F|  |TAMS 0x000000008cc00000| PB 0x000000008cc00000| Untracked 
|  39|0x000000008cd00000, 0x000000008cd00000, 0x000000008ce00000|  0%| F|  |TAMS 0x000000008cd00000| PB 0x000000008cd00000| Untracked 
|  40|0x000000008ce00000, 0x000000008ce00000, 0x000000008cf00000|  0%| F|  |TAMS 0x000000008ce00000| PB 0x000000008ce00000| Untracked 
|  41|0x000000008cf00000, 0x000000008cf00000, 0x000000008d000000|  0%| F|  |TAMS 0x000000008cf00000| PB 0x000000008cf00000| Untracked 
|  42|0x000000008d000000, 0x000000008d000000, 0x000000008d100000|  0%| F|  |TAMS 0x000000008d000000| PB 0x000000008d000000| Untracked 
|  43|0x000000008d100000, 0x000000008d100000, 0x000000008d200000|  0%| F|  |TAMS 0x000000008d100000| PB 0x000000008d100000| Untracked 
|  44|0x000000008d200000, 0x000000008d200000, 0x000000008d300000|  0%| F|  |TAMS 0x000000008d200000| PB 0x000000008d200000| Untracked 
|  45|0x000000008d300000, 0x000000008d300000, 0x000000008d400000|  0%| F|  |TAMS 0x000000008d300000| PB 0x000000008d300000| Untracked 
|  46|0x000000008d400000, 0x000000008d400000, 0x000000008d500000|  0%| F|  |TAMS 0x000000008d400000| PB 0x000000008d400000| Untracked 
|  47|0x000000008d500000, 0x000000008d500000, 0x000000008d600000|  0%| F|  |TAMS 0x000000008d500000| PB 0x000000008d500000| Untracked 
|  48|0x000000008d600000, 0x000000008d600000, 0x000000008d700000|  0%| F|  |TAMS 0x000000008d600000| PB 0x000000008d600000| Untracked 
|  49|0x000000008d700000, 0x000000008d700000, 0x000000008d800000|  0%| F|  |TAMS 0x000000008d700000| PB 0x000000008d700000| Untracked 
|  50|0x000000008d800000, 0x000000008d800000, 0x000000008d900000|  0%| F|  |TAMS 0x000000008d800000| PB 0x000000008d800000| Untracked 
|  51|0x000000008d900000, 0x000000008d900000, 0x000000008da00000|  0%| F|  |TAMS 0x000000008d900000| PB 0x000000008d900000| Untracked 
|  52|0x000000008da00000, 0x000000008da00000, 0x000000008db00000|  0%| F|  |TAMS 0x000000008da00000| PB 0x000000008da00000| Untracked 
|  53|0x000000008db00000, 0x000000008db00000, 0x000000008dc00000|  0%| F|  |TAMS 0x000000008db00000| PB 0x000000008db00000| Untracked 
|  54|0x000000008dc00000, 0x000000008dc00000, 0x000000008dd00000|  0%| F|  |TAMS 0x000000008dc00000| PB 0x000000008dc00000| Untracked 
|  55|0x000000008dd00000, 0x000000008dd00000, 0x000000008de00000|  0%| F|  |TAMS 0x000000008dd00000| PB 0x000000008dd00000| Untracked 
|  56|0x000000008de00000, 0x000000008de00000, 0x000000008df00000|  0%| F|  |TAMS 0x000000008de00000| PB 0x000000008de00000| Untracked 
|  57|0x000000008df00000, 0x000000008df00000, 0x000000008e000000|  0%| F|  |TAMS 0x000000008df00000| PB 0x000000008df00000| Untracked 
|  58|0x000000008e000000, 0x000000008e000000, 0x000000008e100000|  0%| F|  |TAMS 0x000000008e000000| PB 0x000000008e000000| Untracked 
|  59|0x000000008e100000, 0x000000008e100000, 0x000000008e200000|  0%| F|  |TAMS 0x000000008e100000| PB 0x000000008e100000| Untracked 
|  60|0x000000008e200000, 0x000000008e200000, 0x000000008e300000|  0%| F|  |TAMS 0x000000008e200000| PB 0x000000008e200000| Untracked 
|  61|0x000000008e300000, 0x000000008e300000, 0x000000008e400000|  0%| F|  |TAMS 0x000000008e300000| PB 0x000000008e300000| Untracked 
|  62|0x000000008e400000, 0x000000008e400000, 0x000000008e500000|  0%| F|  |TAMS 0x000000008e400000| PB 0x000000008e400000| Untracked 
|  63|0x000000008e500000, 0x000000008e500000, 0x000000008e600000|  0%| F|  |TAMS 0x000000008e500000| PB 0x000000008e500000| Untracked 
|  64|0x000000008e600000, 0x000000008e600000, 0x000000008e700000|  0%| F|  |TAMS 0x000000008e600000| PB 0x000000008e600000| Untracked 
|  65|0x000000008e700000, 0x000000008e700000, 0x000000008e800000|  0%| F|  |TAMS 0x000000008e700000| PB 0x000000008e700000| Untracked 
|  66|0x000000008e800000, 0x000000008e800000, 0x000000008e900000|  0%| F|  |TAMS 0x000000008e800000| PB 0x000000008e800000| Untracked 
|  67|0x000000008e900000, 0x000000008e900000, 0x000000008ea00000|  0%| F|  |TAMS 0x000000008e900000| PB 0x000000008e900000| Untracked 
|  68|0x000000008ea00000, 0x000000008ea00000, 0x000000008eb00000|  0%| F|  |TAMS 0x000000008ea00000| PB 0x000000008ea00000| Untracked 
|  69|0x000000008eb00000, 0x000000008eb00000, 0x000000008ec00000|  0%| F|  |TAMS 0x000000008eb00000| PB 0x000000008eb00000| Untracked 
|  70|0x000000008ec00000, 0x000000008ec00000, 0x000000008ed00000|  0%| F|  |TAMS 0x000000008ec00000| PB 0x000000008ec00000| Untracked 
|  71|0x000000008ed00000, 0x000000008ed00000, 0x000000008ee00000|  0%| F|  |TAMS 0x000000008ed00000| PB 0x000000008ed00000| Untracked 
|  72|0x000000008ee00000, 0x000000008ee00000, 0x000000008ef00000|  0%| F|  |TAMS 0x000000008ee00000| PB 0x000000008ee00000| Untracked 
|  73|0x000000008ef00000, 0x000000008ef00000, 0x000000008f000000|  0%| F|  |TAMS 0x000000008ef00000| PB 0x000000008ef00000| Untracked 
|  74|0x000000008f000000, 0x000000008f000000, 0x000000008f100000|  0%| F|  |TAMS 0x000000008f000000| PB 0x000000008f000000| Untracked 
|  75|0x000000008f100000, 0x000000008f100000, 0x000000008f200000|  0%| F|  |TAMS 0x000000008f100000| PB 0x000000008f100000| Untracked 
|  76|0x000000008f200000, 0x000000008f200000, 0x000000008f300000|  0%| F|  |TAMS 0x000000008f200000| PB 0x000000008f200000| Untracked 
|  77|0x000000008f300000, 0x000000008f300000, 0x000000008f400000|  0%| F|  |TAMS 0x000000008f300000| PB 0x000000008f300000| Untracked 
|  78|0x000000008f400000, 0x000000008f400000, 0x000000008f500000|  0%| F|  |TAMS 0x000000008f400000| PB 0x000000008f400000| Untracked 
|  79|0x000000008f500000, 0x000000008f500000, 0x000000008f600000|  0%| F|  |TAMS 0x000000008f500000| PB 0x000000008f500000| Untracked 
|  80|0x000000008f600000, 0x000000008f600000, 0x000000008f700000|  0%| F|  |TAMS 0x000000008f600000| PB 0x000000008f600000| Untracked 
|  81|0x000000008f700000, 0x000000008f700000, 0x000000008f800000|  0%| F|  |TAMS 0x000000008f700000| PB 0x000000008f700000| Untracked 
|  82|0x000000008f800000, 0x000000008f800000, 0x000000008f900000|  0%| F|  |TAMS 0x000000008f800000| PB 0x000000008f800000| Untracked 
|  83|0x000000008f900000, 0x000000008f900000, 0x000000008fa00000|  0%| F|  |TAMS 0x000000008f900000| PB 0x000000008f900000| Untracked 
|  84|0x000000008fa00000, 0x000000008fa00000, 0x000000008fb00000|  0%| F|  |TAMS 0x000000008fa00000| PB 0x000000008fa00000| Untracked 
|  85|0x000000008fb00000, 0x000000008fb00000, 0x000000008fc00000|  0%| F|  |TAMS 0x000000008fb00000| PB 0x000000008fb00000| Untracked 
|  86|0x000000008fc00000, 0x000000008fc00000, 0x000000008fd00000|  0%| F|  |TAMS 0x000000008fc00000| PB 0x000000008fc00000| Untracked 
|  87|0x000000008fd00000, 0x000000008fd00000, 0x000000008fe00000|  0%| F|  |TAMS 0x000000008fd00000| PB 0x000000008fd00000| Untracked 
|  88|0x000000008fe00000, 0x000000008fe00000, 0x000000008ff00000|  0%| F|  |TAMS 0x000000008fe00000| PB 0x000000008fe00000| Untracked 
|  89|0x000000008ff00000, 0x000000008ff00000, 0x0000000090000000|  0%| F|  |TAMS 0x000000008ff00000| PB 0x000000008ff00000| Untracked 
|  90|0x0000000090000000, 0x0000000090000000, 0x0000000090100000|  0%| F|  |TAMS 0x0000000090000000| PB 0x0000000090000000| Untracked 
|  91|0x0000000090100000, 0x0000000090100000, 0x0000000090200000|  0%| F|  |TAMS 0x0000000090100000| PB 0x0000000090100000| Untracked 
|  92|0x0000000090200000, 0x0000000090300000, 0x0000000090300000|100%| S|CS|TAMS 0x0000000090200000| PB 0x0000000090200000| Complete 
|  93|0x0000000090300000, 0x0000000090400000, 0x0000000090400000|100%| S|CS|TAMS 0x0000000090300000| PB 0x0000000090300000| Complete 
|  94|0x0000000090400000, 0x0000000090500000, 0x0000000090500000|100%| S|CS|TAMS 0x0000000090400000| PB 0x0000000090400000| Complete 
|  95|0x0000000090500000, 0x0000000090500000, 0x0000000090600000|  0%| F|  |TAMS 0x0000000090500000| PB 0x0000000090500000| Untracked 
|  96|0x0000000090600000, 0x0000000090600000, 0x0000000090700000|  0%| F|  |TAMS 0x0000000090600000| PB 0x0000000090600000| Untracked 
|  97|0x0000000090700000, 0x0000000090700000, 0x0000000090800000|  0%| F|  |TAMS 0x0000000090700000| PB 0x0000000090700000| Untracked 
|  98|0x0000000090800000, 0x0000000090800000, 0x0000000090900000|  0%| F|  |TAMS 0x0000000090800000| PB 0x0000000090800000| Untracked 
|  99|0x0000000090900000, 0x0000000090900000, 0x0000000090a00000|  0%| F|  |TAMS 0x0000000090900000| PB 0x0000000090900000| Untracked 
| 100|0x0000000090a00000, 0x0000000090a00000, 0x0000000090b00000|  0%| F|  |TAMS 0x0000000090a00000| PB 0x0000000090a00000| Untracked 
| 101|0x0000000090b00000, 0x0000000090b00000, 0x0000000090c00000|  0%| F|  |TAMS 0x0000000090b00000| PB 0x0000000090b00000| Untracked 
| 102|0x0000000090c00000, 0x0000000090c00000, 0x0000000090d00000|  0%| F|  |TAMS 0x0000000090c00000| PB 0x0000000090c00000| Untracked 
| 103|0x0000000090d00000, 0x0000000090d00000, 0x0000000090e00000|  0%| F|  |TAMS 0x0000000090d00000| PB 0x0000000090d00000| Untracked 
| 104|0x0000000090e00000, 0x0000000090e00000, 0x0000000090f00000|  0%| F|  |TAMS 0x0000000090e00000| PB 0x0000000090e00000| Untracked 
| 105|0x0000000090f00000, 0x0000000090f00000, 0x0000000091000000|  0%| F|  |TAMS 0x0000000090f00000| PB 0x0000000090f00000| Untracked 
| 106|0x0000000091000000, 0x0000000091000000, 0x0000000091100000|  0%| F|  |TAMS 0x0000000091000000| PB 0x0000000091000000| Untracked 
| 107|0x0000000091100000, 0x0000000091100000, 0x0000000091200000|  0%| F|  |TAMS 0x0000000091100000| PB 0x0000000091100000| Untracked 
| 108|0x0000000091200000, 0x0000000091200000, 0x0000000091300000|  0%| F|  |TAMS 0x0000000091200000| PB 0x0000000091200000| Untracked 
| 109|0x0000000091300000, 0x0000000091300000, 0x0000000091400000|  0%| F|  |TAMS 0x0000000091300000| PB 0x0000000091300000| Untracked 
| 110|0x0000000091400000, 0x0000000091400000, 0x0000000091500000|  0%| F|  |TAMS 0x0000000091400000| PB 0x0000000091400000| Untracked 
| 111|0x0000000091500000, 0x0000000091500000, 0x0000000091600000|  0%| F|  |TAMS 0x0000000091500000| PB 0x0000000091500000| Untracked 
| 112|0x0000000091600000, 0x0000000091600000, 0x0000000091700000|  0%| F|  |TAMS 0x0000000091600000| PB 0x0000000091600000| Untracked 
| 113|0x0000000091700000, 0x0000000091700000, 0x0000000091800000|  0%| F|  |TAMS 0x0000000091700000| PB 0x0000000091700000| Untracked 
| 114|0x0000000091800000, 0x0000000091800000, 0x0000000091900000|  0%| F|  |TAMS 0x0000000091800000| PB 0x0000000091800000| Untracked 
| 115|0x0000000091900000, 0x000000009197dfc0, 0x0000000091a00000| 49%| E|  |TAMS 0x0000000091900000| PB 0x0000000091900000| Complete 
| 116|0x0000000091a00000, 0x0000000091b00000, 0x0000000091b00000|100%| E|CS|TAMS 0x0000000091a00000| PB 0x0000000091a00000| Complete 
| 117|0x0000000091b00000, 0x0000000091c00000, 0x0000000091c00000|100%| E|CS|TAMS 0x0000000091b00000| PB 0x0000000091b00000| Complete 

Card table byte_map: [0x000001c84d8f0000,0x000001c84dca0000] _byte_map_base: 0x000001c84d49d000

Marking Bits: (CMBitMap*) 0x000001c835be9330
 Bits: [0x000001c84dca0000, 0x000001c84fa08000)

Polling page: 0x000001c835360000

Metaspace:

Usage:
  Non-class:     15.17 MB used.
      Class:      1.91 MB used.
       Both:     17.08 MB used.

Virtual space:
  Non-class space:       64.00 MB reserved,      15.31 MB ( 24%) committed,  1 nodes.
      Class space:        1.00 GB reserved,       2.00 MB ( <1%) committed,  1 nodes.
             Both:        1.06 GB reserved,      17.31 MB (  2%) committed. 

Chunk freelists:
   Non-Class:  483.00 KB
       Class:  14.00 MB
        Both:  14.47 MB

MaxMetaspaceSize: unlimited
CompressedClassSpaceSize: 1.00 GB
Initial GC threshold: 21.00 MB
Current GC threshold: 21.00 MB
CDS: on
 - commit_granule_bytes: 65536.
 - commit_granule_words: 8192.
 - virtual_space_node_default_size: 8388608.
 - enlarge_chunks_in_place: 1.
 - use_allocation_guard: 0.


Internal statistics:

num_allocs_failed_limit: 0.
num_arena_births: 190.
num_arena_deaths: 0.
num_vsnodes_births: 2.
num_vsnodes_deaths: 0.
num_space_committed: 277.
num_space_uncommitted: 0.
num_chunks_returned_to_freelist: 0.
num_chunks_taken_from_freelist: 397.
num_chunk_merges: 0.
num_chunk_splits: 236.
num_chunks_enlarged: 135.
num_inconsistent_stats: 0.

CodeHeap 'non-profiled nmethods': size=120000Kb used=564Kb max_used=564Kb free=119435Kb
 bounds [0x000001c845ac0000, 0x000001c845d30000, 0x000001c84cff0000]
CodeHeap 'profiled nmethods': size=120000Kb used=3134Kb max_used=3134Kb free=116865Kb
 bounds [0x000001c83dff0000, 0x000001c83e300000, 0x000001c845520000]
CodeHeap 'non-nmethods': size=5760Kb used=1670Kb max_used=1706Kb free=4089Kb
 bounds [0x000001c845520000, 0x000001c845790000, 0x000001c845ac0000]
 total_blobs=2374 nmethods=1662 adapters=617
 compilation: enabled
              stopped_count=0, restarted_count=0
 full_count=0

Compilation events (20 events):
Event: 2.072 Thread 0x000001c85268c9e0 1669       3       java.lang.StrictMath::ceil (10 bytes)
Event: 2.072 Thread 0x000001c85268c9e0 nmethod 1669 0x000001c83e2faf90 code [0x000001c83e2fb160, 0x000001c83e2fb290]
Event: 2.073 Thread 0x000001c85268c9e0 1670   !   3       javax.swing.JComponent::getClientProperty (56 bytes)
Event: 2.073 Thread 0x000001c85268c9e0 nmethod 1670 0x000001c83e2fb310 code [0x000001c83e2fb4e0, 0x000001c83e2fb890]
Event: 2.073 Thread 0x000001c85268c9e0 1671       3       java.lang.Double::isNaN (12 bytes)
Event: 2.073 Thread 0x000001c85268c9e0 nmethod 1671 0x000001c83e2fba10 code [0x000001c83e2fbba0, 0x000001c83e2fbd10]
Event: 2.084 Thread 0x000001c852689520 nmethod 1593% 0x000001c845b46310 code [0x000001c845b467e0, 0x000001c845b4aa30]
Event: 2.084 Thread 0x000001c85268c9e0 1672   !   3       javax.swing.UIManager::maybeInitialize (36 bytes)
Event: 2.085 Thread 0x000001c852689520 1634 %     4       java.awt.image.ReplicateScaleFilter::setPixels @ 145 (225 bytes)
Event: 2.085 Thread 0x000001c85268c9e0 nmethod 1672 0x000001c83e2fbd90 code [0x000001c83e2fbf60, 0x000001c83e2fc230]
Event: 2.087 Thread 0x000001c85268c9e0 1673       3       java.security.AccessControlContext::optimize (319 bytes)
Event: 2.090 Thread 0x000001c85268c9e0 nmethod 1673 0x000001c83e2fc410 code [0x000001c83e2fc7c0, 0x000001c83e2fded0]
Event: 2.090 Thread 0x000001c85268c9e0 1675       3       java.security.AccessControlContext::combine (205 bytes)
Event: 2.091 Thread 0x000001c85268c9e0 nmethod 1675 0x000001c83e2fe590 code [0x000001c83e2fe7e0, 0x000001c83e2ff380]
Event: 2.091 Thread 0x000001c85268c9e0 1674       3       java.util.ArrayList::contains (14 bytes)
Event: 2.091 Thread 0x000001c85268c9e0 nmethod 1674 0x000001c83e2ff690 code [0x000001c83e2ff840, 0x000001c83e2ffa60]
Event: 2.091 Thread 0x000001c85268c9e0 1676       1       java.awt.Component::getHeight (5 bytes)
Event: 2.091 Thread 0x000001c85268c9e0 nmethod 1676 0x000001c845b4cd10 code [0x000001c845b4cea0, 0x000001c845b4cf68]
Event: 2.091 Thread 0x000001c85268c9e0 1677       1       java.awt.Component::getWidth (5 bytes)
Event: 2.091 Thread 0x000001c85268c9e0 nmethod 1677 0x000001c845b4d010 code [0x000001c845b4d1a0, 0x000001c845b4d268]

GC Heap History (2 events):
Event: 1.935 GC heap before
{Heap before GC invocations=0 (full 0):
 garbage-first heap   total 120832K, used 25600K [0x000000008a600000, 0x0000000100000000)
  region size 1024K, 23 young (23552K), 0 survivors (0K)
 Metaspace       used 17173K, committed 17472K, reserved 1114112K
  class space    used 1916K, committed 2048K, reserved 1048576K
}
Event: 1.944 GC heap after
{Heap after GC invocations=1 (full 0):
 garbage-first heap   total 120832K, used 8298K [0x000000008a600000, 0x0000000100000000)
  region size 1024K, 3 young (3072K), 3 survivors (3072K)
 Metaspace       used 17173K, committed 17472K, reserved 1114112K
  class space    used 1916K, committed 2048K, reserved 1048576K
}

Dll operation events (11 events):
Event: 0.014 Loaded shared library C:\Program Files\Java\jdk-21\bin\java.dll
Event: 0.151 Loaded shared library C:\Program Files\Java\jdk-21\bin\jsvml.dll
Event: 0.228 Loaded shared library C:\Program Files\Java\jdk-21\bin\jimage.dll
Event: 0.237 Loaded shared library C:\Program Files\Java\jdk-21\bin\net.dll
Event: 0.240 Loaded shared library C:\Program Files\Java\jdk-21\bin\nio.dll
Event: 0.247 Loaded shared library C:\Program Files\Java\jdk-21\bin\zip.dll
Event: 0.274 Loaded shared library C:\Program Files\Java\jdk-21\bin\awt.dll
Event: 0.794 Loaded shared library C:\Program Files\Java\jdk-21\bin\extnet.dll
Event: 0.999 Loaded shared library C:\Program Files\Java\jdk-21\bin\sunmscapi.dll
Event: 1.682 Loaded shared library C:\Program Files\Java\jdk-21\bin\freetype.dll
Event: 1.684 Loaded shared library C:\Program Files\Java\jdk-21\bin\fontmanager.dll

Deoptimization events (20 events):
Event: 1.408 Thread 0x000001c833899f80 DEOPT PACKING pc=0x000001c845b24394 sp=0x0000003ec62fdd30
Event: 1.408 Thread 0x000001c833899f80 DEOPT UNPACKING pc=0x000001c8455746a2 sp=0x0000003ec62fdce0 mode 2
Event: 1.408 Thread 0x000001c833899f80 Uncommon trap: trap_request=0xffffffde fr.pc=0x000001c845b24394 relative=0x0000000000000254
Event: 1.408 Thread 0x000001c833899f80 Uncommon trap: reason=class_check action=maybe_recompile pc=0x000001c845b24394 method=sun.security.util.math.intpoly.IntegerPolynomial.multByInt([JJ)V @ 26 c2
Event: 1.408 Thread 0x000001c833899f80 DEOPT PACKING pc=0x000001c845b24394 sp=0x0000003ec62fdd30
Event: 1.408 Thread 0x000001c833899f80 DEOPT UNPACKING pc=0x000001c8455746a2 sp=0x0000003ec62fdce0 mode 2
Event: 1.408 Thread 0x000001c833899f80 Uncommon trap: trap_request=0xffffffde fr.pc=0x000001c845b24394 relative=0x0000000000000254
Event: 1.408 Thread 0x000001c833899f80 Uncommon trap: reason=class_check action=maybe_recompile pc=0x000001c845b24394 method=sun.security.util.math.intpoly.IntegerPolynomial.multByInt([JJ)V @ 26 c2
Event: 1.408 Thread 0x000001c833899f80 DEOPT PACKING pc=0x000001c845b24394 sp=0x0000003ec62fdd30
Event: 1.408 Thread 0x000001c833899f80 DEOPT UNPACKING pc=0x000001c8455746a2 sp=0x0000003ec62fdce0 mode 2
Event: 1.699 Thread 0x000001c833899f80 Uncommon trap: trap_request=0xffffff45 fr.pc=0x000001c845aef574 relative=0x00000000000001d4
Event: 1.699 Thread 0x000001c833899f80 Uncommon trap: reason=unstable_if action=reinterpret pc=0x000001c845aef574 method=java.lang.StringUTF16.compress([CI[BII)I @ 20 c2
Event: 1.699 Thread 0x000001c833899f80 DEOPT PACKING pc=0x000001c845aef574 sp=0x0000003ec62fd700
Event: 1.699 Thread 0x000001c833899f80 DEOPT UNPACKING pc=0x000001c8455746a2 sp=0x0000003ec62fd670 mode 2
Event: 1.934 Thread 0x000001c89e05b940 DEOPT PACKING pc=0x000001c83e2ca6b3 sp=0x0000003ec83fe740
Event: 1.934 Thread 0x000001c89e05b940 DEOPT UNPACKING pc=0x000001c845574e42 sp=0x0000003ec83fdbe0 mode 0
Event: 1.956 Thread 0x000001c89e05b940 DEOPT PACKING pc=0x000001c83e2ca6b3 sp=0x0000003ec83fe740
Event: 1.956 Thread 0x000001c89e05b940 DEOPT UNPACKING pc=0x000001c845574e42 sp=0x0000003ec83fdbe0 mode 0
Event: 1.970 Thread 0x000001c89e05b940 DEOPT PACKING pc=0x000001c83e2ca6b3 sp=0x0000003ec83fe740
Event: 1.970 Thread 0x000001c89e05b940 DEOPT UNPACKING pc=0x000001c845574e42 sp=0x0000003ec83fdbe0 mode 0

Classes loaded (20 events):
Event: 2.067 Loading class java/awt/DefaultKeyboardFocusManager$TypeAheadMarker
Event: 2.067 Loading class java/awt/DefaultKeyboardFocusManager$TypeAheadMarker done
Event: 2.067 Loading class java/awt/KeyboardFocusManager$LightweightFocusRequest
Event: 2.067 Loading class java/awt/KeyboardFocusManager$LightweightFocusRequest done
Event: 2.073 Loading class java/awt/KeyboardFocusManager$3
Event: 2.073 Loading class java/awt/KeyboardFocusManager$3 done
Event: 2.083 Loading class sun/awt/im/CompositionAreaHandler
Event: 2.083 Loading class sun/awt/im/CompositionAreaHandler done
Event: 2.083 Loading class java/text/AttributedString
Event: 2.083 Loading class java/text/AttributedString done
Event: 2.083 Loading class java/text/AttributedString$AttributedStringIterator
Event: 2.084 Loading class java/text/AttributedCharacterIterator
Event: 2.084 Loading class java/text/CharacterIterator
Event: 2.084 Loading class java/text/CharacterIterator done
Event: 2.084 Loading class java/text/AttributedCharacterIterator done
Event: 2.084 Loading class java/text/AttributedString$AttributedStringIterator done
Event: 2.085 Loading class java/awt/TextComponent
Event: 2.086 Loading class java/awt/TextComponent done
Event: 2.086 Loading class javax/swing/text/JTextComponent
Event: 2.087 Loading class javax/swing/text/JTextComponent done

Classes unloaded (0 events):
No events

Classes redefined (0 events):
No events

Internal exceptions (20 events):
Event: 0.256 Thread 0x000001c833899f80 Exception <a 'java/lang/ClassNotFoundException'{0x0000000091afc628}: sun/awt/resources/spi/awtProvider> (0x0000000091afc628) 
thrown [s\open\src\hotspot\share\classfile\systemDictionary.cpp, line 312]
Event: 0.290 Thread 0x000001c833899f80 Exception <a 'java/io/FileNotFoundException'{0x0000000091972488}> (0x0000000091972488) 
thrown [s\open\src\hotspot\share\prims\jni.cpp, line 520]
Event: 0.299 Thread 0x000001c833899f80 Exception <a 'java/io/FileNotFoundException'{0x000000009199c668}> (0x000000009199c668) 
thrown [s\open\src\hotspot\share\prims\jni.cpp, line 520]
Event: 0.490 Thread 0x000001c833899f80 Exception <a 'java/lang/NoSuchMethodError'{0x0000000091834e20}: 'void java.lang.invoke.DirectMethodHandle$Holder.invokeSpecial(java.lang.Object, java.lang.Object, java.lang.Object)'> (0x0000000091834e20) 
thrown [s\open\src\hotspot\share\interpreter\linkResolver.cpp, line 773]
Event: 0.501 Thread 0x000001c833899f80 Exception <a 'java/lang/NoSuchMethodError'{0x000000009185a750}: 'java.lang.Object java.lang.invoke.DirectMethodHandle$Holder.newInvokeSpecial(java.lang.Object, java.lang.Object, java.lang.Object, java.lang.Object, java.lang.Object)'> (0x000000009185a750) 
thrown [s\open\src\hotspot\share\interpreter\linkResolver.cpp, line 773]
Event: 0.510 Thread 0x000001c833899f80 Exception <a 'java/lang/NoSuchMethodError'{0x0000000091710528}: 'java.lang.Object java.lang.invoke.DirectMethodHandle$Holder.invokeStatic(java.lang.Object, int, java.lang.Object)'> (0x0000000091710528) 
thrown [s\open\src\hotspot\share\interpreter\linkResolver.cpp, line 773]
Event: 0.542 Thread 0x000001c833899f80 Exception <a 'java/lang/ClassNotFoundException'{0x00000000917afbd0}: com/sun/swing/internal/plaf/metal/resources/spi/metalProvider> (0x00000000917afbd0) 
thrown [s\open\src\hotspot\share\classfile\systemDictionary.cpp, line 312]
Event: 0.543 Thread 0x000001c833899f80 Exception <a 'java/lang/ClassNotFoundException'{0x00000000917b3b60}: com/sun/swing/internal/plaf/basic/resources/spi/basicProvider> (0x00000000917b3b60) 
thrown [s\open\src\hotspot\share\classfile\systemDictionary.cpp, line 312]
Event: 0.556 Thread 0x000001c833899f80 Exception <a 'java/lang/NoSuchMethodError'{0x00000000917d2ce0}: 'int java.lang.invoke.Invokers$Holder.invokeExact_MT(java.lang.Object, java.lang.Object)'> (0x00000000917d2ce0) 
thrown [s\open\src\hotspot\share\interpreter\linkResolver.cpp, line 773]
Event: 0.591 Thread 0x000001c833899f80 Exception <a 'java/lang/NoSuchMethodError'{0x00000000916314f0}: 'void java.lang.invoke.DirectMethodHandle$Holder.invokeStatic(java.lang.Object, java.lang.Object)'> (0x00000000916314f0) 
thrown [s\open\src\hotspot\share\interpreter\linkResolver.cpp, line 773]
Event: 0.632 Thread 0x000001c833899f80 Exception <a 'java/lang/NoSuchMethodError'{0x00000000915506a0}: 'java.lang.Object java.lang.invoke.DirectMethodHandle$Holder.invokeInterface(java.lang.Object, java.lang.Object)'> (0x00000000915506a0) 
thrown [s\open\src\hotspot\share\interpreter\linkResolver.cpp, line 773]
Event: 0.662 Thread 0x000001c833899f80 Exception <a 'java/lang/NoSuchMethodError'{0x00000000915c7e90}: 'void java.lang.invoke.DirectMethodHandle$Holder.invokeStatic(java.lang.Object, java.lang.Object, java.lang.Object)'> (0x00000000915c7e90) 
thrown [s\open\src\hotspot\share\interpreter\linkResolver.cpp, line 773]
Event: 0.664 Thread 0x000001c833899f80 Exception <a 'java/lang/NoSuchMethodError'{0x00000000915d0f58}: 'java.lang.Object java.lang.invoke.DirectMethodHandle$Holder.invokeVirtual(java.lang.Object, java.lang.Object, java.lang.Object)'> (0x00000000915d0f58) 
thrown [s\open\src\hotspot\share\interpreter\linkResolver.cpp, line 773]
Event: 0.930 Thread 0x000001c833899f80 Exception <a 'java/lang/NoSuchMethodError'{0x0000000090f91530}: 'void java.lang.invoke.DirectMethodHandle$Holder.invokeStaticInit(java.lang.Object, java.lang.Object)'> (0x0000000090f91530) 
thrown [s\open\src\hotspot\share\interpreter\linkResolver.cpp, line 773]
Event: 1.053 Thread 0x000001c833899f80 Exception <a 'sun/nio/fs/WindowsException'{0x0000000090ee9b18}> (0x0000000090ee9b18) 
thrown [s\open\src\hotspot\share\prims\jni.cpp, line 520]
Event: 1.147 Thread 0x000001c833899f80 Exception <a 'java/lang/NoSuchMethodError'{0x0000000090d97c98}: 'java.lang.Object java.lang.invoke.DirectMethodHandle$Holder.invokeStaticInit(java.lang.Object, int, int, int, int)'> (0x0000000090d97c98) 
thrown [s\open\src\hotspot\share\interpreter\linkResolver.cpp, line 773]
Event: 1.189 Thread 0x000001c833899f80 Exception <a 'java/lang/NoSuchMethodError'{0x0000000090c52be0}: 'java.lang.Object java.lang.invoke.DirectMethodHandle$Holder.invokeStaticInit(java.lang.Object, java.lang.Object, int, int, int, int)'> (0x0000000090c52be0) 
thrown [s\open\src\hotspot\share\interpreter\linkResolver.cpp, line 773]
Event: 1.409 Thread 0x000001c833899f80 Exception <a 'java/lang/NoSuchMethodError'{0x0000000090bbc740}: 'void java.lang.invoke.DirectMethodHandle$Holder.invokeVirtual(java.lang.Object, java.lang.Object)'> (0x0000000090bbc740) 
thrown [s\open\src\hotspot\share\interpreter\linkResolver.cpp, line 773]
Event: 1.674 Thread 0x000001c833899f80 Exception <a 'java/lang/NoSuchMethodError'{0x0000000090792b40}: 'void java.lang.invoke.DirectMethodHandle$Holder.invokeStaticInit(java.lang.Object)'> (0x0000000090792b40) 
thrown [s\open\src\hotspot\share\interpreter\linkResolver.cpp, line 773]
Event: 1.853 Thread 0x000001c89e05b940 Exception <a 'java/lang/NoSuchMethodError'{0x0000000090692718}: 'java.lang.Object java.lang.invoke.DirectMethodHandle$Holder.newInvokeSpecial(java.lang.Object, java.lang.Object, java.lang.Object, int, int, int, int, int)'> (0x0000000090692718) 
thrown [s\open\src\hotspot\share\interpreter\linkResolver.cpp, line 773]

ZGC Phase Switch (0 events):
No events

VM Operations (20 events):
Event: 0.196 Executing VM operation: HandshakeAllThreads (Deoptimize)
Event: 0.196 Executing VM operation: HandshakeAllThreads (Deoptimize) done
Event: 0.541 Executing VM operation: HandshakeAllThreads (Deoptimize)
Event: 0.541 Executing VM operation: HandshakeAllThreads (Deoptimize) done
Event: 0.572 Executing VM operation: HandshakeAllThreads (Deoptimize)
Event: 0.572 Executing VM operation: HandshakeAllThreads (Deoptimize) done
Event: 1.090 Executing VM operation: HandshakeAllThreads (Deoptimize)
Event: 1.090 Executing VM operation: HandshakeAllThreads (Deoptimize) done
Event: 1.321 Executing VM operation: ICBufferFull
Event: 1.322 Executing VM operation: ICBufferFull done
Event: 1.428 Executing VM operation: HandshakeAllThreads (Deoptimize)
Event: 1.428 Executing VM operation: HandshakeAllThreads (Deoptimize) done
Event: 1.736 Executing VM operation: HandshakeAllThreads (Deoptimize)
Event: 1.736 Executing VM operation: HandshakeAllThreads (Deoptimize) done
Event: 1.914 Executing VM operation: HandshakeAllThreads (Deoptimize)
Event: 1.914 Executing VM operation: HandshakeAllThreads (Deoptimize) done
Event: 1.935 Executing VM operation: G1CollectForAllocation (G1 Evacuation Pause)
Event: 1.944 Executing VM operation: G1CollectForAllocation (G1 Evacuation Pause) done
Event: 2.066 Executing VM operation: HandshakeAllThreads (Deoptimize)
Event: 2.066 Executing VM operation: HandshakeAllThreads (Deoptimize) done

Events (20 events):
Event: 0.131 Thread 0x000001c852679070 Thread added: 0x000001c852679070
Event: 0.131 Thread 0x000001c85267a3a0 Thread added: 0x000001c85267a3a0
Event: 0.132 Thread 0x000001c85267dd60 Thread added: 0x000001c85267dd60
Event: 0.132 Thread 0x000001c85267ec50 Thread added: 0x000001c85267ec50
Event: 0.132 Thread 0x000001c852680e60 Thread added: 0x000001c852680e60
Event: 0.132 Thread 0x000001c852682190 Thread added: 0x000001c852682190
Event: 0.132 Thread 0x000001c852689520 Thread added: 0x000001c852689520
Event: 0.132 Thread 0x000001c85268c9e0 Thread added: 0x000001c85268c9e0
Event: 0.177 Thread 0x000001c85290be70 Thread added: 0x000001c85290be70
Event: 0.183 Thread 0x000001c85291f9f0 Thread added: 0x000001c85291f9f0
Event: 0.369 Thread 0x000001c852ad6060 Thread added: 0x000001c852ad6060
Event: 0.371 Thread 0x000001c852ad9760 Thread added: 0x000001c852ad9760
Event: 0.373 Thread 0x000001c852add150 Thread added: 0x000001c852add150
Event: 0.592 Thread 0x000001c8983a91f0 Thread added: 0x000001c8983a91f0
Event: 1.464 Thread 0x000001c852ad9760 Thread exited: 0x000001c852ad9760
Event: 1.626 Thread 0x000001c89d83c620 Thread added: 0x000001c89d83c620
Event: 1.627 Thread 0x000001c8989fd700 Thread added: 0x000001c8989fd700
Event: 1.840 Thread 0x000001c89e05b940 Thread added: 0x000001c89e05b940
Event: 2.015 Thread 0x000001c833899f80 Thread exited: 0x000001c833899f80
Event: 2.015 Thread 0x000001c833899f80 Thread added: 0x000001c833899f80


Dynamic libraries:
0x00007ff699390000 - 0x00007ff6993a0000 	C:\Program Files\Java\jdk-21\bin\java.exe
0x00007ffee9e90000 - 0x00007ffeea0a7000 	C:\WINDOWS\SYSTEM32\ntdll.dll
0x00007ffee92f0000 - 0x00007ffee93b4000 	C:\WINDOWS\System32\KERNEL32.DLL
0x00007ffee7580000 - 0x00007ffee7926000 	C:\WINDOWS\System32\KERNELBASE.dll
0x00007ffee72f0000 - 0x00007ffee7401000 	C:\WINDOWS\System32\ucrtbase.dll
0x00007ffece210000 - 0x00007ffece22b000 	C:\Program Files\Java\jdk-21\bin\VCRUNTIME140.dll
0x00007ffece230000 - 0x00007ffece249000 	C:\Program Files\Java\jdk-21\bin\jli.dll
0x00007ffee9430000 - 0x00007ffee94e3000 	C:\WINDOWS\System32\ADVAPI32.dll
0x00007ffee8900000 - 0x00007ffee89a7000 	C:\WINDOWS\System32\msvcrt.dll
0x00007ffee8750000 - 0x00007ffee87f8000 	C:\WINDOWS\System32\sechost.dll
0x00007ffee72c0000 - 0x00007ffee72e8000 	C:\WINDOWS\System32\bcrypt.dll
0x00007ffee96e0000 - 0x00007ffee97f7000 	C:\WINDOWS\System32\RPCRT4.dll
0x00007ffee9030000 - 0x00007ffee91de000 	C:\WINDOWS\System32\USER32.dll
0x00007ffee7930000 - 0x00007ffee7956000 	C:\WINDOWS\System32\win32u.dll
0x00007ffecede0000 - 0x00007ffecf073000 	C:\WINDOWS\WinSxS\amd64_microsoft.windows.common-controls_6595b64144ccf1df_6.0.22621.2506_none_270c5ae97388e100\COMCTL32.dll
0x00007ffee92c0000 - 0x00007ffee92e9000 	C:\WINDOWS\System32\GDI32.dll
0x00007ffee7ac0000 - 0x00007ffee7bd8000 	C:\WINDOWS\System32\gdi32full.dll
0x00007ffee7960000 - 0x00007ffee79fa000 	C:\WINDOWS\System32\msvcp_win.dll
0x00007ffede200000 - 0x00007ffede20a000 	C:\WINDOWS\SYSTEM32\VERSION.dll
0x00007ffee9990000 - 0x00007ffee99c1000 	C:\WINDOWS\System32\IMM32.DLL
0x00007ffee07d0000 - 0x00007ffee07dc000 	C:\Program Files\Java\jdk-21\bin\vcruntime140_1.dll
0x00007ffeaf830000 - 0x00007ffeaf8be000 	C:\Program Files\Java\jdk-21\bin\msvcp140.dll
0x00007ffe06630000 - 0x00007ffe07345000 	C:\Program Files\Java\jdk-21\bin\server\jvm.dll
0x00007ffee9820000 - 0x00007ffee9891000 	C:\WINDOWS\System32\WS2_32.dll
0x00007ffee70a0000 - 0x00007ffee70ed000 	C:\WINDOWS\SYSTEM32\POWRPROF.dll
0x00007ffedeab0000 - 0x00007ffedeae4000 	C:\WINDOWS\SYSTEM32\WINMM.dll
0x00007ffee6fd0000 - 0x00007ffee6fe3000 	C:\WINDOWS\SYSTEM32\UMPDC.dll
0x00007ffee6200000 - 0x00007ffee6218000 	C:\WINDOWS\SYSTEM32\kernel.appcore.dll
0x00007ffed2900000 - 0x00007ffed290a000 	C:\Program Files\Java\jdk-21\bin\jimage.dll
0x00007ffed39a0000 - 0x00007ffed3bd3000 	C:\WINDOWS\SYSTEM32\DBGHELP.DLL
0x00007ffee8ca0000 - 0x00007ffee9029000 	C:\WINDOWS\System32\combase.dll
0x00007ffee91e0000 - 0x00007ffee92b7000 	C:\WINDOWS\System32\OLEAUT32.dll
0x00007ffecdbf0000 - 0x00007ffecdc22000 	C:\WINDOWS\SYSTEM32\dbgcore.DLL
0x00007ffee71d0000 - 0x00007ffee724a000 	C:\WINDOWS\System32\bcryptPrimitives.dll
0x00007ffece190000 - 0x00007ffece1af000 	C:\Program Files\Java\jdk-21\bin\java.dll
0x00007ffee7cc0000 - 0x00007ffee851a000 	C:\WINDOWS\System32\SHELL32.dll
0x00007ffee5120000 - 0x00007ffee5a16000 	C:\WINDOWS\SYSTEM32\windows.storage.dll
0x00007ffee4fe0000 - 0x00007ffee511e000 	C:\WINDOWS\SYSTEM32\wintypes.dll
0x00007ffee8800000 - 0x00007ffee88f3000 	C:\WINDOWS\System32\SHCORE.dll
0x00007ffee98a0000 - 0x00007ffee98fe000 	C:\WINDOWS\System32\shlwapi.dll
0x00007ffee7100000 - 0x00007ffee7126000 	C:\WINDOWS\SYSTEM32\profapi.dll
0x00007ffe97130000 - 0x00007ffe97207000 	C:\Program Files\Java\jdk-21\bin\jsvml.dll
0x00007ffece200000 - 0x00007ffece210000 	C:\Program Files\Java\jdk-21\bin\net.dll
0x00007ffedfc30000 - 0x00007ffedfd67000 	C:\WINDOWS\SYSTEM32\WINHTTP.dll
0x00007ffee6680000 - 0x00007ffee66e9000 	C:\WINDOWS\system32\mswsock.dll
0x00007ffece170000 - 0x00007ffece186000 	C:\Program Files\Java\jdk-21\bin\nio.dll
0x00007ffece150000 - 0x00007ffece168000 	C:\Program Files\Java\jdk-21\bin\zip.dll
0x00007ffe0e380000 - 0x00007ffe0e50f000 	C:\Program Files\Java\jdk-21\bin\awt.dll
0x00007ffee4570000 - 0x00007ffee4607000 	C:\WINDOWS\SYSTEM32\apphelp.dll
0x00007ffee4990000 - 0x00007ffee49bb000 	C:\WINDOWS\system32\DWMAPI.DLL
0x00007ffee4730000 - 0x00007ffee47db000 	C:\WINDOWS\system32\uxtheme.dll
0x00007ffe4e8a0000 - 0x00007ffe4e9a0000 	C:\WINDOWS\system32\opengl32.dll
0x00007ffe4e380000 - 0x00007ffe4e3ad000 	C:\WINDOWS\SYSTEM32\GLU32.dll
0x00007ffee4840000 - 0x00007ffee4876000 	C:\WINDOWS\SYSTEM32\dxcore.dll
0x00007ffee8b50000 - 0x00007ffee8ca0000 	C:\WINDOWS\System32\MSCTF.dll
0x00007ffee89b0000 - 0x00007ffee8b50000 	C:\WINDOWS\System32\ole32.dll
0x00007ffe51300000 - 0x00007ffe514a9000 	C:\WINDOWS\system32\d3d9.dll
0x00007ffedd040000 - 0x00007ffedd1f8000 	C:\WINDOWS\System32\DriverStore\FileRepository\u0373636.inf_amd64_8975734656dd6200\B373113\aticfx64.dll
0x00007ffe52810000 - 0x00007ffe52844000 	C:\WINDOWS\System32\DriverStore\FileRepository\u0373636.inf_amd64_8975734656dd6200\B373113\atiu9p64.dll
0x00007ffe505a0000 - 0x00007ffe512f4000 	C:\WINDOWS\System32\DriverStore\FileRepository\u0373636.inf_amd64_8975734656dd6200\B373113\atiumd64.dll
0x000000005d140000 - 0x000000005dfb5000 	C:\WINDOWS\System32\DriverStore\FileRepository\u0373636.inf_amd64_8975734656dd6200\B373113\atiumd6a.dll
0x00007ffee99d0000 - 0x00007ffee9e44000 	C:\WINDOWS\System32\SETUPAPI.dll
0x00007ffed9ed0000 - 0x00007ffed9f00000 	C:\WINDOWS\SYSTEM32\amdihk64.dll
0x00007ffee15a0000 - 0x00007ffee15ea000 	C:\WINDOWS\SYSTEM32\directxdatabasehelper.dll
0x00007ffee5cf0000 - 0x00007ffee5de9000 	C:\WINDOWS\SYSTEM32\DNSAPI.dll
0x00007ffee5c80000 - 0x00007ffee5cad000 	C:\WINDOWS\SYSTEM32\IPHLPAPI.DLL
0x00007ffee8520000 - 0x00007ffee8529000 	C:\WINDOWS\System32\NSI.dll
0x00007ffee00e0000 - 0x00007ffee00ea000 	C:\Windows\System32\rasadhlp.dll
0x00007ffede2c0000 - 0x00007ffede343000 	C:\WINDOWS\System32\fwpuclnt.dll
0x00007ffec81a0000 - 0x00007ffec81a7000 	C:\Program Files\Java\jdk-21\bin\extnet.dll
0x00007ffec7bf0000 - 0x00007ffec7bfe000 	C:\Program Files\Java\jdk-21\bin\sunmscapi.dll
0x00007ffee7410000 - 0x00007ffee7576000 	C:\WINDOWS\System32\CRYPT32.dll
0x00007ffee6a90000 - 0x00007ffee6abe000 	C:\WINDOWS\SYSTEM32\ncrypt.dll
0x00007ffee6a50000 - 0x00007ffee6a87000 	C:\WINDOWS\SYSTEM32\NTASN1.dll
0x00007ffee68d0000 - 0x00007ffee68eb000 	C:\WINDOWS\SYSTEM32\CRYPTSP.dll
0x00007ffee6160000 - 0x00007ffee6195000 	C:\WINDOWS\system32\rsaenh.dll
0x00007ffee6770000 - 0x00007ffee679c000 	C:\WINDOWS\SYSTEM32\USERENV.dll
0x00007ffee68f0000 - 0x00007ffee68fc000 	C:\WINDOWS\SYSTEM32\CRYPTBASE.dll
0x00007ffe8e320000 - 0x00007ffe8e3a7000 	C:\Program Files\Java\jdk-21\bin\freetype.dll
0x00007ffe8e240000 - 0x00007ffe8e313000 	C:\Program Files\Java\jdk-21\bin\fontmanager.dll
0x00007ffecb590000 - 0x00007ffecb6da000 	C:\WINDOWS\SYSTEM32\textinputframework.dll
0x00007ffee4290000 - 0x00007ffee43c4000 	C:\WINDOWS\SYSTEM32\CoreMessaging.dll
0x00007ffee09d0000 - 0x00007ffee0d3c000 	C:\WINDOWS\SYSTEM32\CoreUIComponents.dll

dbghelp: loaded successfully - version: 4.0.5 - missing functions: none
symbol engine: initialized successfully - sym options: 0x614 - pdb path: .;C:\Program Files\Java\jdk-21\bin;C:\WINDOWS\SYSTEM32;C:\WINDOWS\WinSxS\amd64_microsoft.windows.common-controls_6595b64144ccf1df_6.0.22621.2506_none_270c5ae97388e100;C:\Program Files\Java\jdk-21\bin\server;C:\WINDOWS\System32\DriverStore\FileRepository\u0373636.inf_amd64_8975734656dd6200\B373113

VM Arguments:
jvm_args: --enable-preview -XX:+ShowCodeDetailsInExceptionMessages 
java_command: option
java_class_path (initial): C:\Users\MAHEK\AppData\Roaming\Code\User\workspaceStorage\0e8c6eeb896961c5d88ad44cda3a9296\redhat.java\jdt_ws\student management_2174f27f\bin;c:\Users\MAHEK\OneDrive\Desktop\student management.jar
Launcher Type: SUN_STANDARD

[Global flags]
     intx CICompilerCount                          = 4                                         {product} {ergonomic}
     uint ConcGCThreads                            = 3                                         {product} {ergonomic}
     uint G1ConcRefinementThreads                  = 10                                        {product} {ergonomic}
   size_t G1HeapRegionSize                         = 1048576                                   {product} {ergonomic}
    uintx GCDrainStackTargetSize                   = 64                                        {product} {ergonomic}
   size_t InitialHeapSize                          = 123731968                                 {product} {ergonomic}
   size_t MarkStackSize                            = 4194304                                   {product} {ergonomic}
   size_t MaxHeapSize                              = 1973420032                                {product} {ergonomic}
   size_t MaxNewSize                               = 1183842304                                {product} {ergonomic}
   size_t MinHeapDeltaBytes                        = 1048576                                   {product} {ergonomic}
   size_t MinHeapSize                              = 8388608                                   {product} {ergonomic}
    uintx NonNMethodCodeHeapSize                   = 5839372                                {pd product} {ergonomic}
    uintx NonProfiledCodeHeapSize                  = 122909434                              {pd product} {ergonomic}
    uintx ProfiledCodeHeapSize                     = 122909434                              {pd product} {ergonomic}
    uintx ReservedCodeCacheSize                    = 251658240                              {pd product} {ergonomic}
     bool SegmentedCodeCache                       = true                                      {product} {ergonomic}
     bool ShowCodeDetailsInExceptionMessages       = true                                   {manageable} {command line}
   size_t SoftMaxHeapSize                          = 1973420032                             {manageable} {ergonomic}
     bool UseCompressedOops                        = true                           {product lp64_product} {ergonomic}
     bool UseG1GC                                  = true                                      {product} {ergonomic}
     bool UseLargePagesIndividualAllocation        = false                                  {pd product} {ergonomic}

Logging:
Log output configuration:
 #0: stdout all=warning uptime,level,tags foldmultilines=false
 #1: stderr all=off uptime,level,tags foldmultilines=false

Environment Variables:
PATH=C:\app\MAHEK\product\21c\dbhomeXE\bin;C:\Program Files\Java\jdk-21\bin;C:\Program Files\Common Files\Oracle\Java\javapath;C:\Program Files (x86)\Java\jdk1.5.0_22\bin;C:\jdk1.8.0_202\bin;C:\windows;C:\windows\System32\Wbem;C:\windows\System32\WindowsPowerShell\v1.0\;C:\windows\System32\OpenSSH\;C:\Program Files (x86)\NVIDIA Corporation\PhysX\Common;C:\Program Files\NVIDIA Corporation\NVIDIA NvDLISR;C:\Program Files\dotnet\;C:\Program Files\Java\jre6\bin;C:\Program Files\MySQL\MySQL Server 8.0\bin;C:\WINDOWS\system32;C:\WINDOWS;C:\WINDOWS\System32\Wbem;C:\WINDOWS\System32\WindowsPowerShell\v1.0\;C:\WINDOWS\System32\OpenSSH\;C:\php 8.2.0;C:\MinGW\bin;C:\Program Files\MATLAB\R2023b\bin;C:\Users\MAHEK\AppData\Local\Programs\Python\Python311\Scripts\;C:\Users\MAHEK\AppData\Local\Programs\Python\Python311\;C:\Program Files\MySQL\MySQL Shell 8.0\bin\;C:\Users\MAHEK\AppData\Local\Microsoft\WindowsApps;C:\Users\MAHEK\.dotnet\tools;C:\MinGW\bin;C:\Users\MAHEK\AppData\Local\Programs\Microsoft VS Code\bin;C:\Users\MAHEK\AppData\Local\GitHubDesktop\bin
USERNAME=MAHEK
LANG=en_US.UTF-8
OS=Windows_NT
PROCESSOR_IDENTIFIER=AMD64 Family 25 Model 80 Stepping 0, AuthenticAMD
TMP=C:\Users\MAHEK\AppData\Local\Temp
TEMP=C:\Users\MAHEK\AppData\Local\Temp




Periodic native trim disabled

---------------  S Y S T E M  ---------------

OS:
 Windows 11 , 64 bit Build 22621 (10.0.22621.2506)
OS uptime: 4 days 11:04 hours

CPU: total 12 (initial active 12) (12 cores per cpu, 2 threads per core) family 25 model 80 stepping 0 microcode 0x0, cx8, cmov, fxsr, ht, mmx, 3dnowpref, sse, sse2, sse3, ssse3, sse4a, sse4.1, sse4.2, popcnt, lzcnt, tsc, tscinvbit, avx, avx2, aes, erms, clmul, bmi1, bmi2, adx, sha, fma, vzeroupper, clflush, clflushopt, rdtscp, rdpid, fsrm, f16c, pku, cet_ss
Processor Information for processor 0
  Max Mhz: 3301, Current Mhz: 1805, Mhz Limit: 3301
Processor Information for processor 1
  Max Mhz: 3301, Current Mhz: 1908, Mhz Limit: 3301
Processor Information for processor 2
  Max Mhz: 3301, Current Mhz: 1908, Mhz Limit: 3301
Processor Information for processor 3
  Max Mhz: 3301, Current Mhz: 1908, Mhz Limit: 3301
Processor Information for processor 4
  Max Mhz: 3301, Current Mhz: 1908, Mhz Limit: 3301
Processor Information for processor 5
  Max Mhz: 3301, Current Mhz: 1805, Mhz Limit: 3301
Processor Information for processor 6
  Max Mhz: 3301, Current Mhz: 1805, Mhz Limit: 3301
Processor Information for processor 7
  Max Mhz: 3301, Current Mhz: 1908, Mhz Limit: 3301
Processor Information for processor 8
  Max Mhz: 3301, Current Mhz: 1805, Mhz Limit: 3301
Processor Information for processor 9
  Max Mhz: 3301, Current Mhz: 1908, Mhz Limit: 3301
Processor Information for processor 10
  Max Mhz: 3301, Current Mhz: 1805, Mhz Limit: 3301
Processor Information for processor 11
  Max Mhz: 3301, Current Mhz: 1805, Mhz Limit: 3301

Memory: 4k page, system-wide physical 7523M (213M free)
TotalPageFile size 31075M (AvailPageFile size 0M)
current process WorkingSet (physical memory assigned to process): 128M, peak: 128M
current process commit charge ("private bytes"): 259M, peak: 264M

vm_info: Java HotSpot(TM) 64-Bit Server VM (21.0.1+12-LTS-29) for windows-amd64 JRE (21.0.1+12-LTS-29), built on 2023-10-05T13:27:09Z by "mach5one" with MS VC++ 17.1 (VS2022)

END.
